0.018735170364379883,22962
0.033560991287231445,22961
0.04864001274108887,22960
0.06378006935119629,22959
0.07844710350036621,22958
0.09291195869445801,22957
0.10880804061889648,22956
0.12420105934143066,22955
0.1397690773010254,22954
0.15458989143371582,22953
0.1685330867767334,22952
0.18230199813842773,22951
0.1961500644683838,22950
0.2100081443786621,22949
0.22380805015563965,22948
0.2375469207763672,22947
0.251406192779541,22946
0.2653489112854004,22945
0.27926087379455566,22944
0.29331088066101074,22943
0.30716490745544434,22942
0.32102203369140625,22941
0.3349928855895996,22940
0.3488020896911621,22939
0.3627760410308838,22938
0.3766179084777832,22937
0.3904540538787842,22936
0.40439605712890625,22935
0.41826796531677246,22934
0.4321908950805664,22933
0.44626593589782715,22932
0.46071505546569824,22931
0.4749791622161865,22930
0.4888792037963867,22929
0.5027458667755127,22928
0.5171000957489014,22927
0.5314600467681885,22926
0.545759916305542,22925
0.5600991249084473,22924
0.5744709968566895,22923
0.5886280536651611,22922
0.602553129196167,22921
0.6163358688354492,22920
0.63014817237854,22919
0.6440749168395996,22918
0.6584360599517822,22917
0.6727108955383301,22916
0.6868109703063965,22915
0.7007780075073242,22914
0.7147369384765625,22913
0.7287580966949463,22912
0.742548942565918,22911
0.7563760280609131,22910
0.7701599597930908,22909
0.7840681076049805,22908
0.7979137897491455,22907
0.8117539882659912,22906
0.8256399631500244,22905
0.8394999504089355,22904
0.8534650802612305,22903
0.867347002029419,22902
0.881101131439209,22901
0.8949179649353027,22900
0.9087638854980469,22899
0.9225790500640869,22898
0.9364399909973145,22897
0.9502720832824707,22896
0.964231014251709,22895
0.9781110286712646,22894
0.9924569129943848,22893
1.0065999031066895,22892
1.0203280448913574,22891
1.0345420837402344,22890
1.0487990379333496,22889
1.062988042831421,22888
1.0772500038146973,22887
1.0927748680114746,22886
1.1081430912017822,22885
1.1226041316986084,22884
1.137026071548462,22883
1.1510720252990723,22882
1.1649649143218994,22881
1.1789100170135498,22880
1.1928489208221436,22879
1.2067761421203613,22878
1.2205970287322998,22877
1.2346770763397217,22876
1.2486889362335205,22875
1.2625579833984375,22874
1.2763919830322266,22873
1.290389060974121,22872
1.3042681217193604,22871
1.3181681632995605,22870
1.331989049911499,22869
1.3457951545715332,22868
1.3599040508270264,22867
1.3739137649536133,22866
1.3880460262298584,22865
1.401925802230835,22864
1.415734052658081,22863
1.4297399520874023,22862
1.4435999393463135,22861
1.4577679634094238,22860
1.4716911315917969,22859
1.4855821132659912,22858
1.49959397315979,22857
1.513517141342163,22856
1.5278820991516113,22855
1.5418648719787598,22854
1.5564558506011963,22853
1.5712649822235107,22852
1.5862300395965576,22851
1.6007611751556396,22850
1.6150939464569092,22849
1.630892038345337,22848
1.646575927734375,22847
1.661862850189209,22846
1.676238775253296,22845
1.6906681060791016,22844
1.7070369720458984,22843
1.7233350276947021,22842
1.7380270957946777,22841
1.7524280548095703,22840
1.7666120529174805,22839
1.7809500694274902,22838
1.7952570915222168,22837
1.8093698024749756,22836
1.823268175125122,22835
1.8370790481567383,22834
1.8508710861206055,22833
1.8646669387817383,22832
1.8798599243164062,22831
1.8955860137939453,22830
1.9108998775482178,22829
1.9261419773101807,22828
1.9405441284179688,22827
1.955122947692871,22826
1.9716479778289795,22825
1.9871978759765625,22824
2.0028889179229736,22823
2.0176069736480713,22822
2.032067060470581,22821
2.0464699268341064,22820
2.0613210201263428,22819
2.083380937576294,22818
2.098057985305786,22817
2.1126010417938232,22816
2.127023935317993,22815
2.14129900932312,22814
2.155334949493408,22813
2.169260025024414,22812
2.183212995529175,22811
2.1972200870513916,22810
2.2109360694885254,22809
2.224869966506958,22808
2.2386319637298584,22807
2.2526750564575195,22806
2.2666780948638916,22805
2.280479907989502,22804
2.2951791286468506,22803
2.309164047241211,22802
2.323377847671509,22801
2.337346076965332,22800
2.3515219688415527,22799
2.3660480976104736,22798
2.3802449703216553,22797
2.3949670791625977,22796
2.4117908477783203,22795
2.4293551445007324,22794
2.4551479816436768,22793
2.471851110458374,22792
2.4877161979675293,22791
2.503683090209961,22790
2.5197508335113525,22789
2.5354220867156982,22788
2.550879955291748,22787
2.5669260025024414,22786
2.5944719314575195,22785
2.611128091812134,22784
2.6283090114593506,22783
2.644441843032837,22782
2.66019606590271,22781
2.6761081218719482,22780
2.6996030807495117,22779
2.716188907623291,22778
2.7326090335845947,22777
2.7490899562835693,22776
2.767025947570801,22775
2.7934248447418213,22774
2.812103033065796,22773
2.8296220302581787,22772
2.8473799228668213,22771
2.8671700954437256,22770
2.887676954269409,22769
2.9055471420288086,22768
2.9213500022888184,22767
2.9383418560028076,22766
2.9540181159973145,22765
2.9703328609466553,22764
2.986970901489258,22763
3.0025641918182373,22762
3.0182478427886963,22761
3.033756971359253,22760
3.0489280223846436,22759
3.064199924468994,22758
3.0802738666534424,22757
3.0978519916534424,22756
3.1151628494262695,22755
3.1326191425323486,22754
3.152759075164795,22753
3.1709580421447754,22752
3.191013813018799,22751
3.208928108215332,22750
3.2285029888153076,22749
3.247714042663574,22748
3.2716009616851807,22747
3.2925679683685303,22746
3.3188419342041016,22745
3.338571071624756,22744
3.3566789627075195,22743
3.3754160404205322,22742
3.393561840057373,22741
3.411129951477051,22740
3.4273438453674316,22739
3.4448981285095215,22738
3.461544990539551,22737
3.477597951889038,22736
3.4941940307617188,22735
3.5121500492095947,22734
3.5285120010375977,22733
3.5455660820007324,22732
3.5777978897094727,22731
3.5946109294891357,22730
3.6107819080352783,22729
3.6268579959869385,22728
3.642458915710449,22727
3.658918857574463,22726
3.67521595954895,22725
3.6915159225463867,22724
3.7074289321899414,22723
3.739743947982788,22722
3.7555201053619385,22721
3.7716009616851807,22720
3.78670597076416,22719
3.802258014678955,22718
3.8177480697631836,22717
3.83309006690979,22716
3.848789930343628,22715
3.8644821643829346,22714
3.8798420429229736,22713
3.9030590057373047,22712
3.922528028488159,22711
3.9394891262054443,22710
3.9957680702209473,22709
4.020714998245239,22708
4.0616068840026855,22707
4.086527109146118,22706
4.118865966796875,22705
4.136792182922363,22704
4.162508010864258,22703
4.197921991348267,22702
4.2291810512542725,22701
4.245849132537842,22700
4.266258001327515,22699
4.304036855697632,22698
4.320601940155029,22697
4.336533069610596,22696
4.357326030731201,22695
4.373584985733032,22694
4.389774799346924,22693
4.422316074371338,22692
4.43886399269104,22691
4.468835115432739,22690
4.519995927810669,22689
4.536521911621094,22688
4.56062388420105,22687
4.576380014419556,22686
4.592278003692627,22685
4.607204914093018,22684
4.622737884521484,22683
4.637902021408081,22682
4.652723073959351,22681
4.667496919631958,22680
4.682292938232422,22679
4.69834303855896,22678
4.7135560512542725,22677
4.728876113891602,22676
4.743794918060303,22675
4.7586140632629395,22674
4.773636102676392,22673
4.788358926773071,22672
4.8029069900512695,22671
4.817718982696533,22670
4.832783937454224,22669
4.848726034164429,22668
4.863720893859863,22667
4.879219055175781,22666
4.895087003707886,22665
4.921777009963989,22664
4.937925815582275,22663
4.95350980758667,22662
4.9687910079956055,22661
4.984794855117798,22660
5.0003662109375,22659
5.016938924789429,22658
5.03132700920105,22657
5.045803070068359,22656
5.060650110244751,22655
5.075947046279907,22654
5.091336011886597,22653
5.122180938720703,22652
5.13763689994812,22651
5.1527838706970215,22650
5.167351007461548,22649
5.1818859577178955,22648
5.196598052978516,22647
5.2110631465911865,22646
5.2257139682769775,22645
5.24014687538147,22644
5.255154848098755,22643
5.269967794418335,22642
5.28456711769104,22641
5.299268960952759,22640
5.313781023025513,22639
5.328548192977905,22638
5.342988967895508,22637
5.357475996017456,22636
5.371975898742676,22635
5.386590003967285,22634
5.401448011398315,22633
5.416186809539795,22632
5.431005001068115,22631
5.446406841278076,22630
5.462010860443115,22629
5.477423191070557,22628
5.492975950241089,22627
5.508476972579956,22626
5.524350881576538,22625
5.540147066116333,22624
5.555844068527222,22623
5.571225166320801,22622
5.5867919921875,22621
5.601984024047852,22620
5.616494178771973,22619
5.631145000457764,22618
5.653533935546875,22617
5.6679627895355225,22616
5.682384967803955,22615
5.696875095367432,22614
5.711234092712402,22613
5.7256059646606445,22612
5.740388870239258,22611
5.755309104919434,22610
5.770348072052002,22609
5.78604793548584,22608
5.802894830703735,22607
5.818848133087158,22606
5.833785772323608,22605
5.84880805015564,22604
5.86487603187561,22603
5.880785942077637,22602
5.8961501121521,22601
5.912366151809692,22600
5.927656888961792,22599
5.942594051361084,22598
5.957619905471802,22597
5.9734580516815186,22596
5.989230155944824,22595
6.004387140274048,22594
6.019309997558594,22593
6.033914804458618,22592
6.0483598709106445,22591
6.062727928161621,22590
6.077159881591797,22589
6.091669082641602,22588
6.106212139129639,22587
6.120667934417725,22586
6.1360578536987305,22585
6.150862216949463,22584
6.165326833724976,22583
6.1797990798950195,22582
6.194427967071533,22581
6.208852052688599,22580
6.223200082778931,22579
6.237518072128296,22578
6.252007007598877,22577
6.266608953475952,22576
6.281286954879761,22575
6.295690059661865,22574
6.310131072998047,22573
6.32499885559082,22572
6.340559959411621,22571
6.355154037475586,22570
6.3696229457855225,22569
6.3839921951293945,22568
6.398436784744263,22567
6.41289496421814,22566
6.42752480506897,22565
6.442093133926392,22564
6.45699405670166,22563
6.47149395942688,22562
6.4859299659729,22561
6.500486850738525,22560
6.522154092788696,22559
6.536962985992432,22558
6.551861047744751,22557
6.567718982696533,22556
6.582661867141724,22555
6.597612142562866,22554
6.612151145935059,22553
6.627063989639282,22552
6.641597032546997,22551
6.656400918960571,22550
6.671513795852661,22549
6.68723201751709,22548
6.702383995056152,22547
6.718513011932373,22546
6.7335638999938965,22545
6.74834418296814,22544
6.763453960418701,22543
6.7782509326934814,22542
6.793945074081421,22541
6.809506177902222,22540
6.82564902305603,22539
6.841300010681152,22538
6.8574841022491455,22537
6.872798919677734,22536
6.896678924560547,22535
6.912290096282959,22534
6.927689075469971,22533
6.943495988845825,22532
6.958904027938843,22531
6.9741129875183105,22530
6.989814043045044,22529
7.005356073379517,22528
7.021048069000244,22527
7.036212921142578,22526
7.0676350593566895,22525
7.099233150482178,22524
7.115120887756348,22523
7.1308979988098145,22522
7.146809816360474,22521
7.176724910736084,22520
7.191200017929077,22519
7.207340955734253,22518
7.2220139503479,22517
7.2365639209747314,22516
7.250935077667236,22515
7.265459060668945,22514
7.279416084289551,22513
7.293412923812866,22512
7.3077051639556885,22511
7.321785926818848,22510
7.336574077606201,22509
7.352020978927612,22508
7.374673843383789,22507
7.3898561000823975,22506
7.405346155166626,22505
7.4265758991241455,22504
7.441608905792236,22503
7.45750617980957,22502
7.494374990463257,22501
7.5088419914245605,22500
7.52339506149292,22499
7.537940979003906,22498
7.552038908004761,22497
7.566649913787842,22496
7.581299066543579,22495
7.5959460735321045,22494
7.610404014587402,22493
7.625010967254639,22492
7.639034986495972,22491
7.6530139446258545,22490
7.667242050170898,22489
7.681329011917114,22488
7.695641040802002,22487
7.70956015586853,22486
7.723468065261841,22485
7.737455129623413,22484
7.75179386138916,22483
7.766304016113281,22482
7.7806220054626465,22481
7.817819833755493,22480
7.8332390785217285,22479
7.8483850955963135,22478
7.862900018692017,22477
7.886770963668823,22476
7.919505834579468,22475
7.955675840377808,22474
7.970373868942261,22473
7.9845051765441895,22472
7.998517036437988,22471
8.01258897781372,22470
8.026519060134888,22469
8.04039978981018,22468
8.054823875427246,22467
8.068902969360352,22466
8.082917928695679,22465
8.09688401222229,22464
8.110711097717285,22463
8.124727010726929,22462
8.138759851455688,22461
8.152890920639038,22460
8.166853904724121,22459
8.180654048919678,22458
8.194727897644043,22457
8.223298072814941,22456
8.237110137939453,22455
8.251163959503174,22454
8.265662908554077,22453
8.280193090438843,22452
8.294355869293213,22451
8.308841943740845,22450
8.324418067932129,22449
8.339189052581787,22448
8.353769063949585,22447
8.371243000030518,22446
8.388395071029663,22445
8.405997037887573,22444
8.433519124984741,22443
8.44906497001648,22442
8.46581506729126,22441
8.481430053710938,22440
8.496121168136597,22439
8.511878967285156,22438
8.527997970581055,22437
8.544518947601318,22436
8.559831142425537,22435
8.575409889221191,22434
8.591211080551147,22433
8.622236013412476,22432
8.637105941772461,22431
8.65310788154602,22430
8.668224096298218,22429
8.682959794998169,22428
8.698340892791748,22427
8.714372873306274,22426
8.730172872543335,22425
8.745775938034058,22424
8.761440992355347,22423
8.776891946792603,22422
8.792695999145508,22421
8.824239015579224,22420
8.839296102523804,22419
8.86679983139038,22418
8.883307933807373,22417
8.898455142974854,22416
8.913635015487671,22415
8.929496049880981,22414
8.9444260597229,22413
8.960458993911743,22412
8.976462841033936,22411
8.99156403541565,22410
9.006133079528809,22409
9.020825147628784,22408
9.03543996810913,22407
9.050436019897461,22406
9.066004991531372,22405
9.080874919891357,22404
9.095347881317139,22403
9.109925985336304,22402
9.124331951141357,22401
9.138978004455566,22400
9.153984069824219,22399
9.169613122940063,22398
9.184405088424683,22397
9.198885917663574,22396
9.213316202163696,22395
9.228820085525513,22394
9.244187831878662,22393
9.258951902389526,22392
9.273510932922363,22391
9.288070917129517,22390
9.302609920501709,22389
9.317049026489258,22388
9.33595085144043,22387
9.350957155227661,22386
9.366244077682495,22385
9.382188081741333,22384
9.397307872772217,22383
9.412977933883667,22382
9.428852081298828,22381
9.444430828094482,22380
9.475567817687988,22379
9.491014957427979,22378
9.506537914276123,22377
9.52271580696106,22376
9.53843092918396,22375
9.553589105606079,22374
9.56921100616455,22373
9.584283828735352,22372
9.600292921066284,22371
9.6163330078125,22370
9.631922006607056,22369
9.647502183914185,22368
9.66339111328125,22367
9.678590059280396,22366
9.695971012115479,22365
9.712011098861694,22364
9.727259874343872,22363
9.74199390411377,22362
9.756778955459595,22361
9.772611141204834,22360
9.788105010986328,22359
9.80433988571167,22358
9.826323986053467,22357
9.841377973556519,22356
9.856266975402832,22355
9.872043132781982,22354
9.887771844863892,22353
9.909743070602417,22352
9.924612998962402,22351
9.939782857894897,22350
9.955662965774536,22349
9.970335960388184,22348
9.98575210571289,22347
10.001151084899902,22346
10.016058921813965,22345
10.030653953552246,22344
10.04560112953186,22343
10.061156034469604,22342
10.075947046279907,22341
10.090538024902344,22340
10.105109930038452,22339
10.119752883911133,22338
10.134187936782837,22337
10.14866304397583,22336
10.164185047149658,22335
10.180701971054077,22334
10.197383880615234,22333
10.214174032211304,22332
10.229887962341309,22331
10.245460033416748,22330
10.26157808303833,22329
10.277785062789917,22328
10.29305911064148,22327
10.309157848358154,22326
10.325007915496826,22325
10.341390132904053,22324
10.373732089996338,22323
10.389798879623413,22322
10.418223857879639,22321
10.434015035629272,22320
10.450327157974243,22319
10.466332912445068,22318
10.48219895362854,22317
10.498363971710205,22316
10.514384984970093,22315
10.530541181564331,22314
10.54633903503418,22313
10.562155961990356,22312
10.578033924102783,22311
10.594388008117676,22310
10.610061168670654,22309
10.626354932785034,22308
10.6423978805542,22307
10.658562183380127,22306
10.674185037612915,22305
10.698564767837524,22304
10.714070081710815,22303
10.72989010810852,22302
10.7447829246521,22301
10.759193181991577,22300
10.774142026901245,22299
10.790486097335815,22298
10.806575775146484,22297
10.821902751922607,22296
10.837451934814453,22295
10.852868795394897,22294
10.868197917938232,22293
10.884773969650269,22292
10.900337934494019,22291
10.931957960128784,22290
10.947499990463257,22289
10.963349103927612,22288
10.978399991989136,22287
10.993555068969727,22286
11.009123086929321,22285
11.024138927459717,22284
11.039683103561401,22283
11.054569005966187,22282
11.068969011306763,22281
11.098505973815918,22280
11.113627910614014,22279
11.128134965896606,22278
11.142690181732178,22277
11.157498836517334,22276
11.171974897384644,22275
11.186329126358032,22274
11.201435804367065,22273
11.216975927352905,22272
11.231604099273682,22271
11.246479988098145,22270
11.262426853179932,22269
11.277956008911133,22268
11.293787002563477,22267
11.309668779373169,22266
11.325101137161255,22265
11.340796947479248,22264
11.35690188407898,22263
11.372703075408936,22262
11.388906955718994,22261
11.404369831085205,22260
11.42021894454956,22259
11.436004161834717,22258
11.451812982559204,22257
11.467461824417114,22256
11.482484102249146,22255
11.497313976287842,22254
11.511976957321167,22253
11.526514053344727,22252
11.541407108306885,22251
11.573261022567749,22250
11.588160037994385,22249
11.602856874465942,22248
11.617534875869751,22247
11.632286071777344,22246
11.647500038146973,22245
11.663032054901123,22244
11.67770004272461,22243
11.692352056503296,22242
11.707154035568237,22241
11.721905946731567,22240
11.73638391494751,22239
11.75922417640686,22238
11.774391174316406,22237
11.789042949676514,22236
11.805126905441284,22235
11.820383071899414,22234
11.836325883865356,22233
11.851876974105835,22232
11.867525815963745,22231
11.883234977722168,22230
11.89828896522522,22229
11.913106918334961,22228
11.928772211074829,22227
11.944283962249756,22226
11.959840059280396,22225
11.976032972335815,22224
11.991630792617798,22223
12.006470918655396,22222
12.02189588546753,22221
12.038389921188354,22220
12.05371904373169,22219
12.07007908821106,22218
12.085094928741455,22217
12.100750923156738,22216
12.117150068283081,22215
12.132590055465698,22214
12.147645950317383,22213
12.162503004074097,22212
12.17765998840332,22211
12.192334175109863,22210
12.208231925964355,22209
12.223007917404175,22208
12.245935916900635,22207
12.26124119758606,22206
12.27698302268982,22205
12.292198896408081,22204
12.307101964950562,22203
12.321841955184937,22202
12.336291074752808,22201
12.3508460521698,22200
12.365237951278687,22199
12.379670143127441,22198
12.39516282081604,22197
12.410569906234741,22196
12.42596983909607,22195
12.441110134124756,22194
12.455983877182007,22193
12.485124826431274,22192
12.49951696395874,22191
12.51388692855835,22190
12.52846384048462,22189
12.543004035949707,22188
12.565922975540161,22187
12.580276012420654,22186
12.595108985900879,22185
12.609982967376709,22184
12.625538110733032,22183
12.640576124191284,22182
12.65515398979187,22181
12.66970705986023,22180
12.684132099151611,22179
12.698747873306274,22178
12.713584899902344,22177
12.728064060211182,22176
12.742623090744019,22175
12.757097959518433,22174
12.771522998809814,22173
12.785882949829102,22172
12.800286054611206,22171
12.814617156982422,22170
12.828942060470581,22169
12.843356847763062,22168
12.857824087142944,22167
12.872314929962158,22166
12.886667966842651,22165
12.900985956192017,22164
12.91539192199707,22163
12.929808855056763,22162
12.94454288482666,22161
12.960062980651855,22160
12.974968194961548,22159
12.989512920379639,22158
13.003898859024048,22157
13.018356084823608,22156
13.033674001693726,22155
13.04946517944336,22154
13.064915895462036,22153
13.080009937286377,22152
13.114475011825562,22151
13.129817962646484,22150
13.145195007324219,22149
13.160774946212769,22148
13.17662000656128,22147
13.191492080688477,22146
13.208057880401611,22145
13.224064111709595,22144
13.23895812034607,22143
13.253389120101929,22142
13.267942905426025,22141
13.282584190368652,22140
13.29745101928711,22139
13.312559127807617,22138
13.328098058700562,22137
13.342824935913086,22136
13.357516050338745,22135
13.372201919555664,22134
13.386722087860107,22133
13.401051998138428,22132
13.415429830551147,22131
13.42995309829712,22130
13.444472074508667,22129
13.45917797088623,22128
13.47361421585083,22127
13.496367931365967,22126
13.510771989822388,22125
13.525346040725708,22124
13.53981900215149,22123
13.5541410446167,22122
13.568580865859985,22121
13.582998037338257,22120
13.597362041473389,22119
13.611773014068604,22118
13.626247882843018,22117
13.64391803741455,22116
13.658318758010864,22115
13.672676086425781,22114
13.686970949172974,22113
13.701358079910278,22112
13.715734958648682,22111
13.73009204864502,22110
13.74899411201477,22109
13.763680934906006,22108
13.778990030288696,22107
13.794250011444092,22106
13.81131100654602,22105
13.827428102493286,22104
13.84242296218872,22103
13.8733069896698,22102
13.888175010681152,22101
13.903065919876099,22100
13.917799949645996,22099
13.932428121566772,22098
13.947278022766113,22097
13.962062120437622,22096
13.977294206619263,22095
13.99304986000061,22094
14.008455038070679,22093
14.023541927337646,22092
14.03809905052185,22091
14.052576065063477,22090
14.067095041275024,22089
14.081575870513916,22088
14.096100807189941,22087
14.110519170761108,22086
14.124879837036133,22085
14.139323949813843,22084
14.153806924819946,22083
14.168342113494873,22082
14.182943105697632,22081
14.197556018829346,22080
14.211925983428955,22079
14.226294994354248,22078
14.240746021270752,22077
14.255611896514893,22076
14.270076990127563,22075
14.284409761428833,22074
14.29955506324768,22073
14.315205812454224,22072
14.329988956451416,22071
14.344667911529541,22070
14.35936689376831,22069
14.374114036560059,22068
14.403373003005981,22067
14.417927026748657,22066
14.432490110397339,22065
14.446892976760864,22064
14.46250605583191,22063
14.477962017059326,22062
14.492543935775757,22061
14.507230997085571,22060
14.521708965301514,22059
14.536160945892334,22058
14.550575017929077,22057
14.564911127090454,22056
14.579329013824463,22055
14.59372591972351,22054
14.608055114746094,22053
14.622496128082275,22052
14.637085914611816,22051
14.65161919593811,22050
14.666007041931152,22049
14.680572032928467,22048
14.694990873336792,22047
14.709275007247925,22046
14.7238290309906,22045
14.738188982009888,22044
14.75257396697998,22043
14.76691198348999,22042
14.788229942321777,22041
14.802649021148682,22040
14.817078113555908,22039
14.833141088485718,22038
14.849113941192627,22037
14.864015817642212,22036
14.878522872924805,22035
14.89320993423462,22034
14.907793998718262,22033
14.922626972198486,22032
14.937432050704956,22031
14.951833009719849,22030
14.966336965560913,22029
14.980783224105835,22028
14.995131015777588,22027
15.009750127792358,22026
15.024213075637817,22025
15.038589000701904,22024
15.053072929382324,22023
15.067487001419067,22022
15.081967830657959,22021
15.107022762298584,22020
15.121325016021729,22019
15.136143922805786,22018
15.15134310722351,22017
15.165759086608887,22016
15.17984414100647,22015
15.204149961471558,22014
15.218101978302002,22013
15.232023000717163,22012
15.245975017547607,22011
15.26027798652649,22010
15.274574041366577,22009
15.288452863693237,22008
15.302505016326904,22007
15.316558122634888,22006
15.330538034439087,22005
15.344458103179932,22004
15.374467134475708,22003
15.388733863830566,22002
15.402996063232422,22001
15.417081832885742,22000
15.430992841720581,21999
15.445007801055908,21998
15.45949101448059,21997
15.473965167999268,21996
15.488456010818481,21995
15.502933979034424,21994
15.51761794090271,21993
15.53186297416687,21992
15.545893907546997,21991
15.559878826141357,21990
15.573785066604614,21989
15.599719047546387,21988
15.621092796325684,21987
15.635601997375488,21986
15.651038885116577,21985
15.665302038192749,21984
15.679368019104004,21983
15.693464994430542,21982
15.707458972930908,21981
15.735950946807861,21980
15.74980092048645,21979
15.76383900642395,21978
15.782311916351318,21977
15.803812026977539,21976
15.818915128707886,21975
15.863322973251343,21974
15.877851009368896,21973
15.89239501953125,21972
15.906802892684937,21971
15.920795917510986,21970
15.934886932373047,21969
15.948905944824219,21968
15.96314001083374,21967
15.977582216262817,21966
15.991956949234009,21965
16.006394863128662,21964
16.020850896835327,21963
16.035134077072144,21962
16.049181938171387,21961
16.06305193901062,21960
16.07698678970337,21959
16.090867042541504,21958
16.10498309135437,21957
16.11891198158264,21956
16.13278603553772,21955
16.14673113822937,21954
16.16086506843567,21953
16.174934148788452,21952
16.197935819625854,21951
16.211869955062866,21950
16.22578501701355,21949
16.24115800857544,21948
16.256244897842407,21947
16.270421028137207,21946
16.289737939834595,21945
16.303929805755615,21944
16.318016052246094,21943
16.33197593688965,21942
16.345948934555054,21941
16.359997034072876,21940
16.379620790481567,21939
16.3935649394989,21938
16.40755605697632,21937
16.42188596725464,21936
16.436007022857666,21935
16.450193881988525,21934
16.464609146118164,21933
16.478692770004272,21932
16.493108987808228,21931
16.50765895843506,21930
16.522138833999634,21929
16.53655695915222,21928
16.550622940063477,21927
16.564611196517944,21926
16.578623056411743,21925
16.59249210357666,21924
16.606378078460693,21923
16.62025499343872,21922
16.63420009613037,21921
16.64880895614624,21920
16.664105892181396,21919
16.679013967514038,21918
16.694063901901245,21917
16.70996880531311,21916
16.72549796104431,21915
16.740250825881958,21914
16.755041122436523,21913
16.76981496810913,21912
16.794107913970947,21911
16.80924391746521,21910
16.824697017669678,21909
16.84037709236145,21908
16.85594606399536,21907
16.87153697013855,21906
16.886528968811035,21905
16.901581048965454,21904
16.91720986366272,21903
16.932029962539673,21902
16.96125102043152,21901
16.97612500190735,21900
16.991663217544556,21899
17.007141828536987,21898
17.022013902664185,21897
17.036926984786987,21896
17.051824808120728,21895
17.06680917739868,21894
17.081587076187134,21893
17.096630096435547,21892
17.111461877822876,21891
17.126425981521606,21890
17.14138698577881,21889
17.15621304512024,21888
17.171396017074585,21887
17.18713903427124,21886
17.217150926589966,21885
17.231778144836426,21884
17.246304035186768,21883
17.269309997558594,21882
17.284029960632324,21881
17.2988600730896,21880
17.313656091690063,21879
17.328362941741943,21878
17.343147039413452,21877
17.35816192626953,21876
17.373562812805176,21875
17.389644145965576,21874
17.40519881248474,21873
17.420817852020264,21872
17.435914039611816,21871
17.450939893722534,21870
17.46665906906128,21869
17.482124090194702,21868
17.498250007629395,21867
17.513497829437256,21866
17.536225080490112,21865
17.55094599723816,21864
17.56575107574463,21863
17.580543041229248,21862
17.59529709815979,21861
17.610009908676147,21860
17.624772787094116,21859
17.63964605331421,21858
17.65459108352661,21857
17.678741931915283,21856
17.694648027420044,21855
17.724795818328857,21854
17.739598035812378,21853
17.754539012908936,21852
17.769584894180298,21851
17.785651922225952,21850
17.815847873687744,21849
17.830836057662964,21848
17.84568500518799,21847
17.860679864883423,21846
17.876401901245117,21845
17.891474962234497,21844
17.906979084014893,21843
17.922729969024658,21842
17.937307834625244,21841
17.951881885528564,21840
17.966392040252686,21839
17.981006860733032,21838
17.995577096939087,21837
18.010366916656494,21836
18.025774002075195,21835
18.040359020233154,21834
18.05522894859314,21833
18.06992197036743,21832
18.08564782142639,21831
18.101428031921387,21830
18.116388082504272,21829
18.131654977798462,21828
18.147481203079224,21827
18.16374397277832,21826
18.179494857788086,21825
18.195104122161865,21824
18.210758924484253,21823
18.226449012756348,21822
18.242074966430664,21821
18.257688999176025,21820
18.27300190925598,21819
18.291277170181274,21818
18.30719494819641,21817
18.32243514060974,21816
18.33813714981079,21815
18.353779077529907,21814
18.378525018692017,21813
18.393903017044067,21812
18.409764051437378,21811
18.424787998199463,21810
18.440600156784058,21809
18.48139190673828,21808
18.498030185699463,21807
18.514201164245605,21806
18.530463933944702,21805
18.546123027801514,21804
18.56248903274536,21803
18.577915906906128,21802
18.593793153762817,21801
18.609791040420532,21800
18.625092029571533,21799
18.6410551071167,21798
18.65583896636963,21797
18.670457124710083,21796
18.68490195274353,21795
18.699290990829468,21794
18.71370005607605,21793
18.728015899658203,21792
18.74244785308838,21791
18.756841897964478,21790
18.771538019180298,21789
18.786448001861572,21788
18.801279067993164,21787
18.817211866378784,21786
18.83298897743225,21785
18.86262822151184,21784
18.87829089164734,21783
18.894027948379517,21782
18.90883994102478,21781
18.9246768951416,21780
18.940917015075684,21779
18.956217050552368,21778
18.979940176010132,21777
18.996350049972534,21776
19.01166582107544,21775
19.02708888053894,21774
19.04326605796814,21773
19.05962896347046,21772
19.074759006500244,21771
19.090528964996338,21770
19.106525897979736,21769
19.12238597869873,21768
19.137629985809326,21767
19.152220010757446,21766
19.18312406539917,21765
19.19889521598816,21764
19.21402096748352,21763
19.22884202003479,21762
19.243991136550903,21761
19.259895086288452,21760
19.275070905685425,21759
19.290879011154175,21758
19.30980086326599,21757
19.32548499107361,21756
19.3531551361084,21755
19.368174076080322,21754
19.382855892181396,21753
19.39735198020935,21752
19.411906003952026,21751
19.426569938659668,21750
19.442384004592896,21749
19.457771062850952,21748
19.488147020339966,21747
19.504169940948486,21746
19.520061016082764,21745
19.535475969314575,21744
19.566237926483154,21743
19.59733510017395,21742
19.62167978286743,21741
19.637129068374634,21740
19.652405977249146,21739
19.66785478591919,21738
19.682941913604736,21737
19.698619842529297,21736
19.71387505531311,21735
19.729422092437744,21734
19.752505779266357,21733
19.76806616783142,21732
19.78360915184021,21731
19.798374891281128,21730
19.813207149505615,21729
19.82769513130188,21728
19.842233180999756,21727
19.856817960739136,21726
19.871235132217407,21725
19.885784149169922,21724
19.90110492706299,21723
19.91722798347473,21722
19.93227505683899,21721
19.947142839431763,21720
19.962954998016357,21719
19.97916293144226,21718
19.994873762130737,21717
20.009957790374756,21716
