0.0031538009643554688,1132
0.004342794418334961,1131
0.005490779876708984,1130
0.006558895111083984,1129
0.007645845413208008,1128
0.008716821670532227,1127
0.009822845458984375,1126
0.010927915573120117,1125
0.012008905410766602,1124
0.013082742691040039,1123
0.014163970947265625,1122
0.015239953994750977,1121
0.0163116455078125,1120
0.01738762855529785,1119
0.018461942672729492,1118
0.01953577995300293,1117
0.020610809326171875,1116
0.021686077117919922,1115
0.022768735885620117,1114
0.023865699768066406,1113
0.02607893943786621,1112
0.027412891387939453,1111
0.02849268913269043,1110
0.029567956924438477,1109
0.03065967559814453,1108
0.03197884559631348,1107
0.03306174278259277,1106
0.03414583206176758,1105
0.03522992134094238,1104
0.03630781173706055,1103
0.037741661071777344,1102
0.03884291648864746,1101
0.04102182388305664,1100
0.042102813720703125,1099
0.04318380355834961,1098
0.04427981376647949,1097
0.0478818416595459,1096
0.04896283149719238,1095
0.05006289482116699,1094
0.051167964935302734,1093
0.05227184295654297,1092
0.05407595634460449,1091
0.055151939392089844,1090
0.05925774574279785,1089
0.0603940486907959,1088
0.061853885650634766,1087
0.06295490264892578,1086
0.06404781341552734,1085
0.06515383720397949,1084
0.06719779968261719,1083
0.06828975677490234,1082
0.07162189483642578,1081
0.07276701927185059,1080
0.07387089729309082,1079
0.07495498657226562,1078
0.0790410041809082,1077
0.08012580871582031,1076
0.0812077522277832,1075
0.08229398727416992,1074
0.08338475227355957,1073
0.08447384834289551,1072
0.0857999324798584,1071
0.08892488479614258,1070
0.09001493453979492,1069
0.09111881256103516,1068
0.09332776069641113,1067
0.0945737361907959,1066
0.09565281867980957,1065
0.09724903106689453,1064
0.09855175018310547,1063
0.09963488578796387,1062
0.10376191139221191,1061
0.10486769676208496,1060
0.10595488548278809,1059
0.10703587532043457,1058
0.10862493515014648,1057
0.10973381996154785,1056
0.11172199249267578,1055
0.11289763450622559,1054
0.11398768424987793,1053
0.11508893966674805,1052
0.11617588996887207,1051
0.11789488792419434,1050
0.11899185180664062,1049
0.1200859546661377,1048
0.12117385864257812,1047
0.12328290939331055,1046
0.12571978569030762,1045
0.12680292129516602,1044
0.12789201736450195,1043
0.12934303283691406,1042
0.13262391090393066,1041
0.133713960647583,1040
0.1347959041595459,1039
0.13707876205444336,1038
0.1382007598876953,1037
0.1395888328552246,1036
0.1407029628753662,1035
0.14179778099060059,1034
0.1428978443145752,1033
0.14398694038391113,1032
0.14632391929626465,1031
0.14849472045898438,1030
0.14959168434143066,1029
0.15208768844604492,1028
0.15320587158203125,1027
0.1557769775390625,1026
0.15686774253845215,1025
0.15869593620300293,1024
0.160888671875,1023
0.16207575798034668,1022
0.16679668426513672,1021
0.1685347557067871,1020
0.1749887466430664,1019
0.17686676979064941,1018
0.17812395095825195,1017
0.17930388450622559,1016
0.18133091926574707,1015
0.1829357147216797,1014
0.18423891067504883,1013
0.18563365936279297,1012
0.18771100044250488,1011
0.1899857521057129,1010
0.1911907196044922,1009
0.19280576705932617,1008
0.19530773162841797,1007
0.20004582405090332,1006
0.20212984085083008,1005
0.20326566696166992,1004
0.20452880859375,1003
0.2062058448791504,1002
0.2073369026184082,1001
0.20843291282653809,1000
0.20952391624450684,999
0.2106339931488037,998
0.21173882484436035,997
0.21286892890930176,996
0.21455883979797363,995
0.21567082405090332,994
0.21729588508605957,993
0.21889686584472656,992
0.2201528549194336,991
0.22133469581604004,990
0.22279882431030273,989
0.2252507209777832,988
0.22642993927001953,987
0.2288818359375,986
0.2346208095550537,985
0.24153971672058105,984
0.24376177787780762,983
0.24666285514831543,982
0.24897980690002441,981
0.25014281272888184,980
0.25173306465148926,979
0.2547578811645508,978
0.2558939456939697,977
0.25787806510925293,976
0.25969791412353516,975
0.2607908248901367,974
0.26189184188842773,973
0.26465892791748047,972
0.26702070236206055,971
0.2687668800354004,970
0.273634672164917,969
0.27472996711730957,968
0.27582597732543945,967
0.2786707878112793,966
0.2797560691833496,965
0.2808408737182617,964
0.2827730178833008,963
0.2841317653656006,962
0.28603291511535645,961
0.28722095489501953,960
0.28911685943603516,959
0.29170989990234375,958
0.292813777923584,957
0.29552483558654785,956
0.29799985885620117,955
0.30042195320129395,954
0.30157995223999023,953
0.3027069568634033,952
0.30654478073120117,951
0.30878376960754395,950
0.3098769187927246,949
0.3109898567199707,948
0.31313371658325195,947
0.3142678737640381,946
0.31662487983703613,945
0.31963586807250977,944
0.3207387924194336,943
0.32183074951171875,942
0.3317408561706543,941
0.3344419002532959,940
0.33705687522888184,939
0.3390207290649414,938
0.3443179130554199,937
0.34653592109680176,936
0.3490118980407715,935
0.3502037525177002,934
0.351315975189209,933
0.35304975509643555,932
0.355191707611084,931
0.3607947826385498,930
0.3681528568267822,929
0.369553804397583,928
0.37072277069091797,927
0.3718898296356201,926
0.3749368190765381,925
0.37760472297668457,924
0.3787648677825928,923
0.38248491287231445,922
0.3836028575897217,921
0.3854029178619385,920
0.39281368255615234,919
0.39397668838500977,918
0.3950920104980469,917
0.401547908782959,916
0.403594970703125,915
0.40474390983581543,914
0.4117777347564697,913
0.41440892219543457,912
0.41869282722473145,911
0.42389893531799316,910
0.4256730079650879,909
0.4267618656158447,908
0.4285309314727783,907
0.4308757781982422,906
0.4372260570526123,905
0.4456148147583008,904
0.4480776786804199,903
0.4492170810699463,902
0.45255589485168457,901
0.4609699249267578,900
0.46260976791381836,899
0.47077393531799316,898
0.47205400466918945,897
0.4762558937072754,896
0.4773397445678711,895
0.4792368412017822,894
0.48287081718444824,893
0.4902017116546631,892
0.49735593795776367,891
0.5001358985900879,890
0.5012848377227783,889
0.5035648345947266,888
0.519218921661377,887
0.5245058536529541,886
0.5300889015197754,885
0.5311868190765381,884
0.5339899063110352,883
0.5483968257904053,882
0.5509786605834961,881
0.553076982498169,880
0.5575559139251709,879
0.5596418380737305,878
0.562187910079956,877
0.5666449069976807,876
0.5677666664123535,875
0.5714828968048096,874
0.5848748683929443,873
0.5859658718109131,872
0.5924618244171143,871
0.6040377616882324,870
0.6082918643951416,869
0.609381914138794,868
0.6126499176025391,867
0.6160588264465332,866
0.6177349090576172,865
0.6222178936004639,864
0.6266908645629883,863
0.630551815032959,862
0.6327238082885742,861
0.6352708339691162,860
0.6389477252960205,859
0.6447899341583252,858
0.6458818912506104,857
0.6504888534545898,856
0.6591517925262451,855
0.6673219203948975,854
0.6693577766418457,853
0.6705060005187988,852
0.675105094909668,851
0.6769647598266602,850
0.6791486740112305,849
0.6874008178710938,848
0.6911108493804932,847
0.6922030448913574,846
0.6952767372131348,845
0.6985468864440918,844
0.7033588886260986,843
0.7106969356536865,842
0.7125897407531738,841
0.721092700958252,840
0.7230017185211182,839
0.7251787185668945,838
0.7262718677520752,837
0.7293357849121094,836
0.7350809574127197,835
0.7376437187194824,834
0.7394769191741943,833
0.7405707836151123,832
0.7437348365783691,831
0.7534298896789551,830
0.7553877830505371,829
0.7652349472045898,828
0.7663319110870361,827
0.7693808078765869,826
0.7704949378967285,825
0.7722029685974121,824
0.773813009262085,823
0.7791759967803955,822
0.7818827629089355,821
0.7846479415893555,820
0.7863729000091553,819
0.7938947677612305,818
0.7949838638305664,817
0.7993168830871582,816
0.8115508556365967,815
0.8189289569854736,814
0.8279926776885986,813
0.8362879753112793,812
0.838580846786499,811
0.8453917503356934,810
0.8465008735656738,809
0.8475978374481201,808
0.8529946804046631,807
0.8577268123626709,806
0.8593127727508545,805
0.860400915145874,804
0.8729438781738281,803
0.8740379810333252,802
0.8772408962249756,801
0.8794198036193848,800
0.880511999130249,799
0.8847470283508301,798
0.8898780345916748,797
0.90081787109375,796
0.9019069671630859,795
0.9064867496490479,794
0.9143688678741455,793
0.9154670238494873,792
0.9187288284301758,791
0.922717809677124,790
0.926109790802002,789
0.9293439388275146,788
0.934790849685669,787
0.9358856678009033,786
0.9369869232177734,785
0.9380757808685303,784
0.9403479099273682,783
0.9489316940307617,782
0.9545249938964844,781
0.960413932800293,780
0.9781777858734131,779
0.9803709983825684,778
0.9929547309875488,777
0.9954187870025635,776
0.9976358413696289,775
1.0044689178466797,774
1.016056776046753,773
1.021738052368164,772
1.027944803237915,771
1.0322587490081787,770
1.0412249565124512,769
1.0447118282318115,768
1.049637794494629,767
1.0558006763458252,766
1.0648529529571533,765
1.0768578052520752,764
1.100531816482544,763
1.1016299724578857,762
1.110764741897583,761
1.1261439323425293,760
1.1394398212432861,759
1.1543748378753662,758
1.1758208274841309,757
1.1821959018707275,756
1.1857600212097168,755
1.1977198123931885,754
1.2021698951721191,753
1.2129769325256348,752
1.2141199111938477,751
1.2207276821136475,750
1.2280387878417969,749
1.242128849029541,748
1.2575128078460693,747
1.2956397533416748,746
1.322084903717041,745
1.3402099609375,744
1.3797760009765625,743
1.395277738571167,742
1.3984148502349854,741
1.4312419891357422,740
1.4323389530181885,739
1.4580559730529785,738
1.4823999404907227,737
1.4918699264526367,736
1.5091400146484375,735
1.5300219058990479,734
1.5458428859710693,733
1.553654670715332,732
1.5684397220611572,731
1.5734426975250244,730
1.574542760848999,729
1.5791518688201904,728
1.6167619228363037,727
1.6262378692626953,726
1.6293137073516846,725
1.6360478401184082,724
1.6397898197174072,723
1.652500867843628,722
1.6833679676055908,721
1.6918878555297852,720
1.6929867267608643,719
1.7068138122558594,718
1.7409076690673828,717
1.7857489585876465,716
1.8249857425689697,715
1.8287267684936523,714
1.8331708908081055,713
1.8764028549194336,712
1.9453339576721191,711
1.9471030235290527,710
2.00856876373291,709
2.011054754257202,708
2.0165858268737793,707
2.0215587615966797,706
2.047677993774414,705
2.0625557899475098,704
2.14056396484375,703
2.1529488563537598,702
2.171891927719116,701
2.178724765777588,700
2.2139217853546143,699
2.2151408195495605,698
2.222595691680908,697
2.238269805908203,696
2.2737648487091064,695
2.2748758792877197,694
2.3248798847198486,693
2.4140748977661133,692
2.4202897548675537,691
2.4511537551879883,690
2.5121009349823,689
2.531608819961548,688
2.5396196842193604,687
2.643324851989746,686
2.720662832260132,685
2.7703568935394287,684
2.792949914932251,683
2.8119747638702393,682
2.95894193649292,681
3.0864148139953613,680
3.1740469932556152,679
3.2860279083251953,678
3.289285898208618,677
3.6106698513031006,676
4.008891820907593,675
4.067227840423584,674
4.265337705612183,673
4.416548728942871,672
4.705985069274902,671
4.795377969741821,670
