0.0002720355987548828,114
0.0005779266357421875,113
0.0007250308990478516,112
0.0008640289306640625,111
0.001020193099975586,110
0.001439809799194336,109
0.0016939640045166016,108
0.0021429061889648438,107
0.0022780895233154297,106
0.002546072006225586,105
0.0030219554901123047,104
0.003156900405883789,103
0.003340005874633789,102
0.003857135772705078,101
0.0050809383392333984,102
0.00562596321105957,101
0.0062520503997802734,100
0.007884979248046875,99
0.008708953857421875,98
0.008845090866088867,97
0.01133108139038086,96
0.014405012130737305,95
