0.005504131317138672,7609
0.010273933410644531,7608
0.014912128448486328,7607
0.0197451114654541,7606
0.024500131607055664,7605
0.029214143753051758,7604
0.034523963928222656,7603
0.04031085968017578,7602
0.045636892318725586,7601
0.05063199996948242,7600
0.05545401573181152,7599
0.060369014739990234,7598
0.065155029296875,7597
0.06976914405822754,7596
0.07450509071350098,7595
0.07920289039611816,7594
0.08758306503295898,7593
0.09245800971984863,7592
0.09721207618713379,7591
0.10189700126647949,7590
0.10666298866271973,7589
0.11128783226013184,7588
0.11614298820495605,7587
0.12126398086547852,7586
0.12654399871826172,7585
0.13160109519958496,7584
0.13704419136047363,7583
0.14232301712036133,7582
0.14727091789245605,7581
0.1527252197265625,7580
0.1582958698272705,7579
0.16415715217590332,7578
0.1695241928100586,7577
0.1747438907623291,7576
0.1794579029083252,7575
0.18487095832824707,7574
0.19006085395812988,7573
0.19506382942199707,7572
0.19971489906311035,7571
0.20444512367248535,7570
0.20906496047973633,7569
0.21363115310668945,7568
0.2183990478515625,7567
0.22301506996154785,7566
0.2324230670928955,7565
0.24176907539367676,7564
0.24637818336486816,7563
0.25105810165405273,7562
0.2559189796447754,7561
0.2607090473175049,7560
0.26534509658813477,7559
0.2703671455383301,7558
0.2758469581604004,7557
0.28112101554870605,7556
0.28652501106262207,7555
0.29120802879333496,7554
0.29599809646606445,7553
0.30083203315734863,7552
0.3054850101470947,7551
0.31017398834228516,7550
0.3148829936981201,7549
0.31954503059387207,7548
0.3244791030883789,7547
0.3291170597076416,7546
0.33368515968322754,7545
0.3385000228881836,7544
0.3432350158691406,7543
0.3481638431549072,7542
0.3531780242919922,7541
0.3579270839691162,7540
0.3626749515533447,7539
0.36739301681518555,7538
0.3719918727874756,7537
0.3765430450439453,7536
0.38107919692993164,7535
0.3856358528137207,7534
0.39057111740112305,7533
0.3958868980407715,7532
0.4010200500488281,7531
0.4088420867919922,7530
0.4138169288635254,7529
0.4188840389251709,7528
0.4263792037963867,7527
0.431049108505249,7526
0.4396829605102539,7525
0.44422316551208496,7524
0.4488239288330078,7523
0.45429110527038574,7522
0.45888280868530273,7521
0.46346306800842285,7520
0.4680337905883789,7519
0.4725611209869385,7518
0.4771101474761963,7517
0.4816269874572754,7516
0.4862821102142334,7515
0.4911341667175293,7514
0.495819091796875,7513
0.5003988742828369,7512
0.5049660205841064,7511
0.5094878673553467,7510
0.5140089988708496,7509
0.5186488628387451,7508
0.5232720375061035,7507
0.5279660224914551,7506
0.5326170921325684,7505
0.537182092666626,7504
0.541802167892456,7503
0.5464808940887451,7502
0.5510821342468262,7501
0.5557761192321777,7500
0.5604560375213623,7499
0.5650970935821533,7498
0.569774866104126,7497
0.574411153793335,7496
0.5790140628814697,7495
0.5835270881652832,7494
0.5880610942840576,7493
0.5925610065460205,7492
0.5971009731292725,7491
0.6016459465026855,7490
0.6061670780181885,7489
0.6106619834899902,7488
0.6151750087738037,7487
0.6196870803833008,7486
0.6242258548736572,7485
0.6288330554962158,7484
0.6334638595581055,7483
0.6380200386047363,7482
0.6425669193267822,7481
0.6471319198608398,7480
0.6516950130462646,7479
0.6562478542327881,7478
0.6608290672302246,7477
0.6653850078582764,7476
0.6699039936065674,7475
0.6745700836181641,7474
0.6791460514068604,7473
0.6873340606689453,7472
0.6920380592346191,7471
0.6965889930725098,7470
0.7011630535125732,7469
0.7056729793548584,7468
0.7118039131164551,7467
0.7163190841674805,7466
0.7208552360534668,7465
0.7253708839416504,7464
0.7304840087890625,7463
0.7358260154724121,7462
0.7411510944366455,7461
0.7462360858917236,7460
0.7510209083557129,7459
0.7559351921081543,7458
0.7609109878540039,7457
0.7662229537963867,7456
0.7716350555419922,7455
0.7763431072235107,7454
0.7809791564941406,7453
0.7855398654937744,7452
0.7901430130004883,7451
0.7948708534240723,7450
0.7995889186859131,7449
0.8041470050811768,7448
0.8087260723114014,7447
0.8132801055908203,7446
0.8178048133850098,7445
0.8224070072174072,7444
0.8270339965820312,7443
0.8316030502319336,7442
0.8362030982971191,7441
0.8407549858093262,7440
0.845365047454834,7439
0.8526060581207275,7438
0.857111930847168,7437
0.861670970916748,7436
0.8661890029907227,7435
0.8707048892974854,7434
0.8752331733703613,7433
0.8797929286956787,7432
0.8871800899505615,7431
0.8920688629150391,7430
0.9034168720245361,7429
0.9087162017822266,7428
0.9134769439697266,7427
0.9181201457977295,7426
0.9227468967437744,7425
0.9274871349334717,7424
0.9320359230041504,7423
0.9366090297698975,7422
0.9412350654602051,7421
0.9464101791381836,7420
0.9512939453125,7419
0.9560489654541016,7418
0.9606490135192871,7417
0.9652400016784668,7416
0.9703571796417236,7415
0.9751989841461182,7414
0.9799959659576416,7413
0.9847588539123535,7412
0.9894149303436279,7411
0.9940969944000244,7410
0.9999001026153564,7409
1.0048420429229736,7408
1.0099432468414307,7407
1.0149719715118408,7406
1.020449161529541,7405
1.025697946548462,7404
1.0311801433563232,7403
1.0360970497131348,7402
1.0422680377960205,7401
1.046971082687378,7400
1.051527976989746,7399
1.0561039447784424,7398
1.0608000755310059,7397
1.065485954284668,7396
1.0702412128448486,7395
1.0749342441558838,7394
1.079531192779541,7393
1.0841171741485596,7392
1.0886890888214111,7391
1.0959608554840088,7390
1.1004910469055176,7389
1.1050682067871094,7388
1.109640121459961,7387
1.1142339706420898,7386
1.1187500953674316,7385
1.123284101486206,7384
1.129836082458496,7383
1.1344201564788818,7382
1.138951063156128,7381
1.1435139179229736,7380
1.148056983947754,7379
1.1525850296020508,7378
1.1572010517120361,7377
1.1617779731750488,7376
1.1662921905517578,7375
1.1708729267120361,7374
1.1753628253936768,7373
1.179936170578003,7372
1.1900928020477295,7371
1.1946368217468262,7370
1.1991639137268066,7369
1.203706979751587,7368
1.2082321643829346,7367
1.2127840518951416,7366
1.2172939777374268,7365
1.2265470027923584,7364
1.2311110496520996,7363
1.2356681823730469,7362
1.2402031421661377,7361
1.2493889331817627,7360
1.2539730072021484,7359
1.2601969242095947,7358
1.2647409439086914,7357
1.269301176071167,7356
1.2738311290740967,7355
1.2783830165863037,7354
1.2829139232635498,7353
1.2875161170959473,7352
1.2934010028839111,7351
1.2980072498321533,7350
1.3025550842285156,7349
1.3070709705352783,7348
1.3158659934997559,7347
1.3243539333343506,7346
1.3299670219421387,7345
1.3348019123077393,7344
1.3394861221313477,7343
1.3440821170806885,7342
1.3486521244049072,7341
1.3532590866088867,7340
1.3624401092529297,7339
1.3700828552246094,7338
1.3746130466461182,7337
1.3791451454162598,7336
1.3837459087371826,7335
1.388300895690918,7334
1.3928380012512207,7333
1.3973798751831055,7332
1.4019348621368408,7331
1.406491994857788,7330
1.411302089691162,7329
1.418558120727539,7328
1.4231948852539062,7327
1.4277541637420654,7326
1.4323539733886719,7325
1.4370179176330566,7324
1.4417250156402588,7323
1.446382999420166,7322
1.451077938079834,7321
1.4557709693908691,7320
1.4604289531707764,7319
1.4651291370391846,7318
1.476318120956421,7317
1.4811310768127441,7316
1.4888689517974854,7315
1.4935410022735596,7314
1.4983420372009277,7313
1.503005027770996,7312
1.5075962543487549,7311
1.5122151374816895,7310
1.51676607131958,7309
1.5259909629821777,7308
1.530738115310669,7307
1.5354688167572021,7306
1.540099859237671,7305
1.5492980480194092,7304
1.5538551807403564,7303
1.565701961517334,7302
1.570249080657959,7301
1.5747740268707275,7300
1.5793280601501465,7299
1.5838401317596436,7298
1.588357925415039,7297
1.5929129123687744,7296
1.602031946182251,7295
1.6065590381622314,7294
1.6110749244689941,7293
1.6156659126281738,7292
1.620270013809204,7291
1.6249041557312012,7290
1.6294670104980469,7289
1.6340129375457764,7288
1.643117904663086,7287
1.6476681232452393,7286
1.6522021293640137,7285
1.6567168235778809,7284
1.6612849235534668,7283
1.6658070087432861,7282
1.670335054397583,7281
1.674875020980835,7280
1.6794209480285645,7279
1.683948040008545,7278
1.6884980201721191,7277
1.6931328773498535,7276
1.697774887084961,7275
1.7023289203643799,7274
1.7091119289398193,7273
1.713686227798462,7272
1.7182350158691406,7271
1.722790002822876,7270
1.7274200916290283,7269
1.7320311069488525,7268
1.7394280433654785,7267
1.7440121173858643,7266
1.74859619140625,7265
1.7531201839447021,7264
1.7604570388793945,7263
1.7650489807128906,7262
1.769636869430542,7261
1.776343822479248,7260
1.7808971405029297,7259
1.7854161262512207,7258
1.789992094039917,7257
1.800182819366455,7256
1.8047230243682861,7255
1.809279203414917,7254
1.813852071762085,7253
1.8184239864349365,7252
1.827519178390503,7251
1.8321008682250977,7250
1.8367030620574951,7249
1.841292142868042,7248
1.845870018005371,7247
1.8504111766815186,7246
1.855043888092041,7245
1.8596198558807373,7244
1.8648018836975098,7243
1.869891881942749,7242
1.8744709491729736,7241
1.8790080547332764,7240
1.8835320472717285,7239
1.8881292343139648,7238
1.8927290439605713,7237
1.89729905128479,7236
1.901892900466919,7235
1.9148790836334229,7234
1.9193899631500244,7233
1.923996925354004,7232
1.928675889968872,7231
1.9342701435089111,7230
1.9388408660888672,7229
1.9462120532989502,7228
1.950782060623169,7227
1.9553790092468262,7226
1.9599361419677734,7225
1.9660608768463135,7224
1.9709179401397705,7223
1.979457139968872,7222
1.9955880641937256,7221
2.0001280307769775,7220
2.004706859588623,7219
2.009510040283203,7218
2.0141730308532715,7217
2.0187621116638184,7216
2.023391008377075,7215
2.0279650688171387,7214
2.0325241088867188,7213
2.04024600982666,7212
2.045438051223755,7211
2.0542960166931152,7210
2.0591068267822266,7209
2.0638082027435303,7208
2.0684690475463867,7207
2.073345899581909,7206
2.0780460834503174,7205
2.0828399658203125,7204
2.0875539779663086,7203
2.0922141075134277,7202
2.0968239307403564,7201
2.1013920307159424,7200
2.1059789657592773,7199
2.1136980056762695,7198
2.1182780265808105,7197
2.122833013534546,7196
2.1274919509887695,7195
2.1321280002593994,7194
2.136708974838257,7193
2.1441519260406494,7192
2.1486899852752686,7191
2.1532859802246094,7190
2.1578540802001953,7189
2.162454128265381,7188
2.1669771671295166,7187
2.176140069961548,7186
2.1807119846343994,7185
2.1853139400482178,7184
2.189887046813965,7183
2.194478988647461,7182
2.20363187789917,7181
2.208193063735962,7180
2.2127718925476074,7179
2.2173750400543213,7178
2.222027063369751,7177
2.228569984436035,7176
2.2331721782684326,7175
2.237725019454956,7174
2.245734930038452,7173
2.254905939102173,7172
2.2594900131225586,7171
2.26408314704895,7170
2.2686240673065186,7169
2.2762961387634277,7168
2.280855178833008,7167
2.285399913787842,7166
2.2901430130004883,7165
2.2947890758514404,7164
2.299375057220459,7163
2.3039519786834717,7162
2.308485984802246,7161
2.313060998916626,7160
2.3176028728485107,7159
2.3221750259399414,7158
2.3267269134521484,7157
2.33129620552063,7156
2.3358349800109863,7155
2.3449480533599854,7154
2.3516881465911865,7153
2.3562982082366943,7152
2.3608880043029785,7151
2.3654110431671143,7150
2.3699450492858887,7149
2.382232904434204,7148
2.38676118850708,7147
2.3914809226989746,7146
2.3962578773498535,7145
2.400851011276245,7144
2.4062280654907227,7143
2.4107768535614014,7142
2.415329933166504,7141
2.4198601245880127,7140
2.4244399070739746,7139
2.4320762157440186,7138
2.4366202354431152,7137
2.441162109375,7136
2.445816993713379,7135
2.4511499404907227,7134
2.455731153488159,7133
2.4614291191101074,7132
2.4667510986328125,7131
2.4808340072631836,7130
2.487668991088867,7129
2.4923999309539795,7128
2.497044086456299,7127
2.5016860961914062,7126
2.5091049671173096,7125
2.5228922367095947,7124
2.5307700634002686,7123
2.53556489944458,7122
2.542814016342163,7121
2.5482730865478516,7120
2.553541898727417,7119
2.558284044265747,7118
2.5629000663757324,7117
2.567512035369873,7116
2.580374240875244,7115
2.5923171043395996,7114
2.5969080924987793,7113
2.603156089782715,7112
2.6077380180358887,7111
2.6122820377349854,7110
2.6305320262908936,7109
2.635132074356079,7108
2.6397058963775635,7107
2.6443071365356445,7106
2.648866891860962,7105
2.653411865234375,7104
2.6579530239105225,7103
2.6625280380249023,7102
2.667151927947998,7101
2.671746015548706,7100
2.6763100624084473,7099
2.6859359741210938,7098
2.6962950229644775,7097
2.7008700370788574,7096
2.705430030822754,7095
2.71014404296875,7094
2.715456008911133,7093
2.7204530239105225,7092
2.7257699966430664,7091
2.7306430339813232,7090
2.7352778911590576,7089
2.74135684967041,7088
2.750549077987671,7087
2.755173921585083,7086
2.7598090171813965,7085
2.764369010925293,7084
2.7689480781555176,7083
2.773582935333252,7082
2.781278133392334,7081
2.7859108448028564,7080
2.7929160594940186,7079
2.7974328994750977,7078
2.8043699264526367,7077
2.808967113494873,7076
2.8204691410064697,7075
2.833226203918457,7074
2.8377859592437744,7073
2.842339038848877,7072
2.846937894821167,7071
2.851505994796753,7070
2.8560631275177,7069
2.8606109619140625,7068
2.8672358989715576,7067
2.8717730045318604,7066
2.8763680458068848,7065
2.880902051925659,7064
2.88543701171875,7063
2.899329900741577,7062
2.904921054840088,7061
2.909804105758667,7060
2.914621114730835,7059
2.919372081756592,7058
2.9244580268859863,7057
2.929543972015381,7056
2.934237003326416,7055
2.9399728775024414,7054
2.9459228515625,7053
2.9526209831237793,7052
2.9571969509124756,7051
2.961796998977661,7050
2.9731900691986084,7049
2.9780850410461426,7048
2.9829039573669434,7047
2.9955270290374756,7046
3.0001890659332275,7045
3.0048139095306396,7044
3.009535074234009,7043
3.0149881839752197,7042
3.019653081893921,7041
3.024374008178711,7040
3.029057025909424,7039
3.033895969390869,7038
3.0391440391540527,7037
3.0441601276397705,7036
3.0495400428771973,7035
3.0544450283050537,7034
3.0591390132904053,7033
3.069659948348999,7032
3.0746519565582275,7031
3.079318046569824,7030
3.0839431285858154,7029
3.0887019634246826,7028
3.0964670181274414,7027
3.101128101348877,7026
3.1058361530303955,7025
3.1104960441589355,7024
3.115123987197876,7023
3.1197609901428223,7022
3.124328136444092,7021
3.128937005996704,7020
3.133531093597412,7019
3.138105869293213,7018
3.144627094268799,7017
3.153280019760132,7016
3.1578991413116455,7015
3.162544012069702,7014
3.171194076538086,7013
3.175809144973755,7012
3.180419921875,7011
3.192317008972168,7010
3.1987411975860596,7009
3.205540895462036,7008
3.2101550102233887,7007
3.2146949768066406,7006
3.2192752361297607,7005
3.2238399982452393,7004
3.228456974029541,7003
3.2330379486083984,7002
3.2376458644866943,7001
3.2422051429748535,7000
3.246833086013794,6999
3.2513937950134277,6998
3.2560060024261475,6997
3.260560989379883,6996
3.270599126815796,6995
3.275183916091919,6994
3.279768943786621,6993
3.2843191623687744,6992
3.288870096206665,6991
3.293668031692505,6990
3.298316240310669,6989
3.302935838699341,6988
3.3074851036071777,6987
3.3180439472198486,6986
3.3263561725616455,6985
3.330935001373291,6984
3.3372929096221924,6983
3.341844081878662,6982
3.3464090824127197,6981
3.3509750366210938,6980
3.355592966079712,6979
3.3648040294647217,6978
3.3693830966949463,6977
3.373920202255249,6976
3.378525972366333,6975
3.383094072341919,6974
3.3876750469207764,6973
3.3988702297210693,6972
3.403449058532715,6971
3.4109132289886475,6970
3.415454149246216,6969
3.4248790740966797,6968
3.429731845855713,6967
3.4343819618225098,6966
3.439965009689331,6965
3.44464111328125,6964
3.4560861587524414,6963
3.4608190059661865,6962
3.4708850383758545,6961
3.475553035736084,6960
3.4818930625915527,6959
3.486476182937622,6958
3.4933340549468994,6957
3.498012065887451,6956
3.5052330493927,6955
3.509888172149658,6954
3.5145950317382812,6953
3.5192348957061768,6952
3.525076150894165,6951
3.529761791229248,6950
3.534404993057251,6949
3.539011001586914,6948
3.556710958480835,6947
3.566941976547241,6946
3.5715789794921875,6945
3.57620906829834,6944
3.583493947982788,6943
3.588059902191162,6942
3.595693826675415,6941
3.600250005722046,6940
3.6048548221588135,6939
3.609544038772583,6938
3.6170761585235596,6937
3.625833034515381,6936
3.630383014678955,6935
3.6349451541900635,6934
3.639552116394043,6933
3.6441409587860107,6932
3.648737907409668,6931
3.6532928943634033,6930
3.6646947860717773,6929
3.6692590713500977,6928
3.675499200820923,6927
3.680129051208496,6926
3.6847751140594482,6925
3.694011926651001,6924
3.7032010555267334,6923
3.712347984313965,6922
3.718454122543335,6921
3.723057985305786,6920
3.728930950164795,6919
3.733502149581909,6918
3.7380530834198,6917
3.7426578998565674,6916
3.7472259998321533,6915
3.75650691986084,6914
3.7611300945281982,6913
3.7656960487365723,6912
3.77468204498291,6911
3.783169984817505,6910
3.792322874069214,6909
3.7969210147857666,6908
3.802899122238159,6907
3.8089969158172607,6906
3.8182179927825928,6905
3.8280510902404785,6904
3.832631826400757,6903
3.8372299671173096,6902
3.841771125793457,6901
3.8504040241241455,6900
3.8559980392456055,6899
3.8606059551239014,6898
3.8652830123901367,6897
3.8698761463165283,6896
3.8744070529937744,6895
3.8789730072021484,6894
3.8835079669952393,6893
3.888087034225464,6892
3.8960630893707275,6891
3.900646924972534,6890
3.9051969051361084,6889
3.909738063812256,6888
3.916138172149658,6887
3.9212210178375244,6886
3.9261531829833984,6885
3.9308340549468994,6884
3.9354920387268066,6883
3.9422550201416016,6882
3.9469001293182373,6881
3.960505962371826,6880
3.9651119709014893,6879
3.971985101699829,6878
3.9823901653289795,6877
3.993330955505371,6876
3.998220205307007,6875
4.002938985824585,6874
4.012360095977783,6873
4.0170252323150635,6872
4.0217602252960205,6871
4.026493072509766,6870
4.031188011169434,6869
4.035880088806152,6868
4.040571928024292,6867
4.050966024398804,6866
4.065725088119507,6865
4.075991153717041,6864
4.080859899520874,6863
4.085559844970703,6862
4.090435981750488,6861
4.09517502784729,6860
4.107364892959595,6859
4.112077951431274,6858
4.116667032241821,6857
4.121249198913574,6856
4.125988960266113,6855
4.130796194076538,6854
4.135595083236694,6853
4.141388177871704,6852
4.146768093109131,6851
4.151959180831909,6850
4.161267042160034,6849
4.171764135360718,6848
4.181199073791504,6847
4.187011957168579,6846
4.191854953765869,6845
4.196575164794922,6844
4.201304912567139,6843
4.210689067840576,6842
4.220164060592651,6841
4.224908828735352,6840
4.229963064193726,6839
4.235422134399414,6838
4.240922927856445,6837
4.245946884155273,6836
4.255943059921265,6835
4.2609100341796875,6834
4.280147075653076,6833
4.2847900390625,6832
4.289486885070801,6831
4.294155120849609,6830
4.298758029937744,6829
4.3033270835876465,6828
4.313334226608276,6827
4.317994117736816,6826
4.328281879425049,6825
4.332901954650879,6824
4.339170932769775,6823
4.344080924987793,6822
4.348797082901001,6821
4.353654146194458,6820
4.367387056350708,6819
4.371969938278198,6818
4.376536846160889,6817
4.38114595413208,6816
4.389404058456421,6815
4.3983519077301025,6814
4.402912139892578,6813
4.412116050720215,6812
4.416698932647705,6811
4.4212281703948975,6810
4.425792217254639,6809
4.430372953414917,6808
4.434951066970825,6807
4.4451940059661865,6806
4.4498090744018555,6805
4.455478191375732,6804
4.460029125213623,6803
4.464643955230713,6802
4.4691689014434814,6801
4.4737701416015625,6800
4.47842001914978,6799
4.483083009719849,6798
4.490443229675293,6797
4.495055913925171,6796
4.509941101074219,6795
4.52208399772644,6794
4.530187129974365,6793
4.53483510017395,6792
4.549911260604858,6791
4.55467414855957,6790
4.564142942428589,6789
4.578026056289673,6788
4.58670711517334,6787
4.593494176864624,6786
4.598091125488281,6785
4.611766815185547,6784
4.618598937988281,6783
4.627415895462036,6782
4.6323161125183105,6781
4.6369569301605225,6780
4.645662069320679,6779
4.653962135314941,6778
4.658604145050049,6777
4.663474082946777,6776
4.668370008468628,6775
4.673213958740234,6774
4.6797730922698975,6773
4.689889192581177,6772
4.694598913192749,6771
4.708281993865967,6770
4.71291708946228,6769
4.717555046081543,6768
4.722148895263672,6767
4.73366904258728,6766
4.7382731437683105,6765
4.744831085205078,6764
4.749424934387207,6763
4.758799076080322,6762
4.763446092605591,6761
4.768048048019409,6760
4.776454925537109,6759
4.7810468673706055,6758
4.785633087158203,6757
4.790201902389526,6756
4.798259019851685,6755
4.802987098693848,6754
4.807680130004883,6753
4.812294960021973,6752
4.816861152648926,6751
4.824546813964844,6750
4.829168081283569,6749
4.833782911300659,6748
4.8383519649505615,6747
4.856835842132568,6746
4.861385107040405,6745
4.870193004608154,6744
4.8747711181640625,6743
4.879312992095947,6742
4.887664079666138,6741
4.897683143615723,6740
4.902256011962891,6739
4.906829833984375,6738
4.9148499965667725,6737
4.921751976013184,6736
4.935427904129028,6735
4.947232007980347,6734
4.951848983764648,6733
4.956524133682251,6732
4.971065998077393,6731
4.975710153579712,6730
4.982851028442383,6729
4.987430095672607,6728
4.992009162902832,6727
5.001124858856201,6726
5.009876012802124,6725
5.017822980880737,6724
5.022518157958984,6723
5.029764890670776,6722
5.042008876800537,6721
5.046629905700684,6720
5.055949926376343,6719
5.061172008514404,6718
5.066246032714844,6717
5.0718419551849365,6716
5.077563047409058,6715
5.0906898975372314,6714
5.099809169769287,6713
5.105250835418701,6712
5.110089063644409,6711
5.125763893127441,6710
5.135380029678345,6709
5.140527963638306,6708
5.149089813232422,6707
5.160902976989746,6706
5.171341896057129,6705
5.175999164581299,6704
5.185317039489746,6703
5.189934968948364,6702
5.194794178009033,6701
5.199498176574707,6700
5.204155921936035,6699
5.21766209602356,6698
5.222271203994751,6697
5.2353880405426025,6696
5.240010023117065,6695
5.249270915985107,6694
5.253880023956299,6693
5.258436918258667,6692
5.267315149307251,6691
5.271912097930908,6690
5.276449203491211,6689
5.285001993179321,6688
5.292545795440674,6687
5.297131061553955,6686
5.301699876785278,6685
5.306241035461426,6684
5.310784101486206,6683
5.315380096435547,6682
5.319980144500732,6681
5.324554204940796,6680
5.329148054122925,6679
5.333714962005615,6678
5.353382110595703,6677
5.357953071594238,6676
5.362524032592773,6675
5.3670759201049805,6674
5.371662855148315,6673
5.376226902008057,6672
5.397497892379761,6671
5.402090072631836,6670
5.4076759815216064,6669
5.412282943725586,6668
5.4168541431427,6667
5.423480033874512,6666
5.434746026992798,6665
5.4393298625946045,6664
5.44393515586853,6663
5.448559999465942,6662
5.453160047531128,6661
5.4577460289001465,6660
5.466008901596069,6659
5.470567941665649,6658
5.484632968902588,6657
5.492960214614868,6656
5.497545003890991,6655
5.502125978469849,6654
5.506705045700073,6653
5.511270999908447,6652
5.520429849624634,6651
5.527987003326416,6650
5.5327630043029785,6649
5.537588119506836,6648
5.542366981506348,6647
5.54823112487793,6646
5.552929162979126,6645
5.558948993682861,6644
5.563629865646362,6643
5.573852062225342,6642
5.578571081161499,6641
5.586711883544922,6640
5.5919389724731445,6639
5.596583127975464,6638
5.601206064224243,6637
5.605787992477417,6636
5.612123966217041,6635
5.62103009223938,6634
5.636381149291992,6633
5.642582178115845,6632
5.656346082687378,6631
5.670018911361694,6630
5.679127216339111,6629
5.68368124961853,6628
5.691817045211792,6627
5.696396112442017,6626
5.703980207443237,6625
5.713138103485107,6624
5.720320224761963,6623
5.726585865020752,6622
5.739643096923828,6621
5.744236946105957,6620
5.74879002571106,6619
5.753408193588257,6618
5.7625648975372314,6617
5.767124176025391,6616
5.771676063537598,6615
5.776289224624634,6614
5.780922889709473,6613
5.7856199741363525,6612
5.790241956710815,6611
5.799449920654297,6610
5.815004110336304,6609
5.819608926773071,6608
5.82890510559082,6607
5.837388038635254,6606
5.841968059539795,6605
5.85398006439209,6604
5.85943603515625,6603
5.863998174667358,6602
5.871962070465088,6601
5.876508951187134,6600
5.885290145874023,6599
5.8918280601501465,6598
5.896438121795654,6597
5.910151958465576,6596
5.919342041015625,6595
5.923933982849121,6594
5.928545236587524,6593
5.943994045257568,6592
5.948574066162109,6591
5.967952013015747,6590
5.973865985870361,6589
5.979501008987427,6588
5.990347146987915,6587
5.998599052429199,6586
6.004533052444458,6585
6.010102033615112,6584
6.021647930145264,6583
6.027233123779297,6582
6.033282995223999,6581
6.041479110717773,6580
6.047031879425049,6579
6.052588224411011,6578
6.058220148086548,6577
6.0693840980529785,6576
6.080492258071899,6575
6.091998100280762,6574
6.097503185272217,6573
6.1031410694122314,6572
6.108711004257202,6571
6.114156246185303,6570
6.119483947753906,6569
6.1249098777771,6568
6.135455131530762,6567
6.140988111495972,6566
6.15178108215332,6565
6.166867017745972,6564
6.178368091583252,6563
6.183856010437012,6562
6.194775819778442,6561
6.209886074066162,6560
6.2155280113220215,6559
6.227463006973267,6558
6.23301887512207,6557
6.238624095916748,6556
6.243376016616821,6555
6.255120038986206,6554
6.265462875366211,6553
6.280111074447632,6552
6.285844087600708,6551
6.297273874282837,6550
6.302448034286499,6549
6.315962076187134,6548
6.331732988357544,6547
6.3419530391693115,6546
6.3473060131073,6545
6.352804899215698,6544
6.358337879180908,6543
6.364033222198486,6542
6.3688249588012695,6541
6.374796152114868,6540
6.384941816329956,6539
6.389899015426636,6538
6.402083873748779,6537
6.406860828399658,6536
6.411538124084473,6535
6.416334867477417,6534
6.421103000640869,6533
6.425844192504883,6532
6.441545009613037,6531
6.446367025375366,6530
6.451117992401123,6529
6.455878973007202,6528
6.460613965988159,6527
6.472385883331299,6526
6.482893943786621,6525
6.491847991943359,6524
6.496887922286987,6523
6.502058029174805,6522
6.5124711990356445,6521
6.517445087432861,6520
6.524937152862549,6519
6.538306951522827,6518
6.544012069702148,6517
6.5489418506622314,6516
6.554646015167236,6515
6.559575080871582,6514
6.564501047134399,6513
6.5721728801727295,6512
6.584157943725586,6511
6.590939044952393,6510
6.595698118209839,6509
6.604255199432373,6508
6.6146240234375,6507
6.6211748123168945,6506
6.625792026519775,6505
6.630389213562012,6504
6.6396989822387695,6503
6.652950048446655,6502
6.657593011856079,6501
6.6622748374938965,6500
6.6669111251831055,6499
6.675993919372559,6498
6.680616140365601,6497
6.689831972122192,6496
6.694475173950195,6495
6.6990649700164795,6494
6.703678131103516,6493
6.7082860469818115,6492
6.712916135787964,6491
6.7192370891571045,6490
6.724565029144287,6489
6.729324102401733,6488
6.737863063812256,6487
6.745514154434204,6486
6.7593371868133545,6485
6.771607160568237,6484
6.776242017745972,6483
6.811026096343994,6482
6.819411993026733,6481
6.8283140659332275,6480
6.84644889831543,6479
6.860695838928223,6478
6.8696839809417725,6477
6.880313873291016,6476
6.8849098682403564,6475
6.893941164016724,6474
6.90308690071106,6473
6.90765905380249,6472
6.9122819900512695,6471
6.916865110397339,6470
6.928922891616821,6469
6.933923006057739,6468
6.97842812538147,6467
6.985400915145874,6466
6.990046977996826,6465
6.99865984916687,6464
7.003265857696533,6463
7.009559154510498,6462
7.020508050918579,6461
7.025184154510498,6460
7.029909133911133,6459
7.034526109695435,6458
7.04256010055542,6457
7.047350883483887,6456
7.052015066146851,6455
7.060903072357178,6454
7.065673112869263,6453
7.076059103012085,6452
7.093089818954468,6451
7.097751140594482,6450
7.102471113204956,6449
7.115372180938721,6448
7.120010137557983,6447
7.127737998962402,6446
7.1323769092559814,6445
7.1415698528289795,6444
7.151670932769775,6443
7.160969018936157,6442
7.165580987930298,6441
7.172028064727783,6440
7.176609992980957,6439
7.190531969070435,6438
7.195641040802002,6437
7.200930833816528,6436
7.206019878387451,6435
7.220160007476807,6434
7.227468252182007,6433
7.232150077819824,6432
7.236752986907959,6431
7.2413330078125,6430
7.267905235290527,6429
7.2725419998168945,6428
7.278030872344971,6427
7.291121959686279,6426
7.297611236572266,6425
7.30224609375,6424
7.3074469566345215,6423
7.312359094619751,6422
7.317313194274902,6421
7.329291105270386,6420
7.334153175354004,6419
7.348659992218018,6418
7.353518009185791,6417
7.35823917388916,6416
7.363933086395264,6415
7.368693113327026,6414
7.3925158977508545,6413
7.401756048202515,6412
7.406390190124512,6411
7.411041021347046,6410
7.41998815536499,6409
7.427259922027588,6408
7.431873083114624,6407
7.478682041168213,6406
7.487949848175049,6405
7.495481014251709,6404
7.5001208782196045,6403
7.504702091217041,6402
7.513911962509155,6401
7.5231499671936035,6400
7.537755012512207,6399
7.547044992446899,6398
7.5516650676727295,6397
7.565858840942383,6396
7.571372985839844,6395
7.576212167739868,6394
7.581004858016968,6393
7.595858097076416,6392
7.605324029922485,6391
7.610065937042236,6390
7.614771127700806,6389
7.619407892227173,6388
7.626453161239624,6387
7.631308078765869,6386
7.635993957519531,6385
7.648299217224121,6384
7.6529529094696045,6383
7.657618045806885,6382
7.6623570919036865,6381
7.667001008987427,6380
7.68902587890625,6379
7.6982622146606445,6378
7.7066810131073,6377
7.715881109237671,6376
7.722546100616455,6375
7.729420900344849,6374
7.736277103424072,6373
7.740886211395264,6372
7.759408950805664,6371
7.7649500370025635,6370
7.770282030105591,6369
7.774890184402466,6368
7.779512882232666,6367
7.784116983413696,6366
7.788790225982666,6365
7.797574043273926,6364
7.809239864349365,6363
7.813827991485596,6362
7.820674896240234,6361
7.825367212295532,6360
7.837486982345581,6359
7.856236934661865,6358
7.878355026245117,6357
7.883021831512451,6356
7.887676000595093,6355
7.892952919006348,6354
7.908842086791992,6353
7.9134910106658936,6352
7.918122053146362,6351
7.92275595664978,6350
7.930019855499268,6349
7.942008018493652,6348
7.951333045959473,6347
7.968354940414429,6346
7.973153829574585,6345
7.982570171356201,6344
7.993880033493042,6343
8.006824970245361,6342
8.01609206199646,6341
8.02070689201355,6340
8.033089876174927,6339
8.045806884765625,6338
8.052620887756348,6337
8.089415073394775,6336
8.094073057174683,6335
8.101024150848389,6334
8.117727994918823,6333
8.122411012649536,6332
8.127063035964966,6331
8.132859945297241,6330
8.138062000274658,6329
8.147186040878296,6328
8.152827024459839,6327
8.161537170410156,6326
8.180061101913452,6325
8.211724042892456,6324
8.221780061721802,6323
8.231726884841919,6322
8.241848945617676,6321
8.24713397026062,6320
8.251936197280884,6319
8.257914066314697,6318
8.2675621509552,6317
8.272236108779907,6316
8.276897192001343,6315
8.291078090667725,6314
8.295767068862915,6313
8.300410032272339,6312
8.305046081542969,6311
8.311937093734741,6310
8.316625118255615,6309
8.321977853775024,6308
8.326669931411743,6307
8.340299129486084,6306
8.349870920181274,6305
8.365854978561401,6304
8.378494024276733,6303
8.383366107940674,6302
8.388175964355469,6301
8.393340110778809,6300
8.39881706237793,6299
8.403712034225464,6298
8.40845799446106,6297
8.413806915283203,6296
8.421953916549683,6295
8.426623106002808,6294
8.435891151428223,6293
8.441381931304932,6292
8.445960998535156,6291
8.463862180709839,6290
8.46851396560669,6289
8.476835012435913,6288
8.484650135040283,6287
8.48922085762024,6286
8.49385404586792,6285
8.52583622932434,6284
8.53053593635559,6283
8.541227102279663,6282
8.550491094589233,6281
8.562294960021973,6280
8.566967010498047,6279
8.571582078933716,6278
8.581655263900757,6277
8.58646011352539,6276
8.601886987686157,6275
8.61695384979248,6274
8.621773958206177,6273
8.626751184463501,6272
8.631509065628052,6271
8.636296033859253,6270
8.641026020050049,6269
8.645800113677979,6268
8.664983034133911,6267
8.669677019119263,6266
8.678996086120605,6265
8.686403036117554,6264
8.706856966018677,6263
8.711503982543945,6262
8.720710039138794,6261
8.731094121932983,6260
8.740332126617432,6259
8.768124103546143,6258
8.778321981430054,6257
8.789371967315674,6256
8.805746078491211,6255
8.810486078262329,6254
8.825084924697876,6253
8.830985069274902,6252
8.851423025131226,6251
8.861257076263428,6250
8.865909099578857,6249
8.87053394317627,6248
8.87597918510437,6247
8.88532304763794,6246
8.890188217163086,6245
8.89486289024353,6244
8.89965295791626,6243
8.9129638671875,6242
8.92249608039856,6241
8.927297830581665,6240
8.931963920593262,6239
8.939748048782349,6238
8.946855068206787,6237
8.9515061378479,6236
8.961044073104858,6235
8.970861911773682,6234
8.975648164749146,6233
9.006896018981934,6232
9.019901037216187,6231
9.033798933029175,6230
9.038412094116211,6229
9.048388004302979,6228
9.052978038787842,6227
9.06773591041565,6226
9.093173027038574,6225
9.098022937774658,6224
9.109169960021973,6223
9.113862991333008,6222
9.11852502822876,6221
9.127992868423462,6220
9.132755994796753,6219
9.137371063232422,6218
9.14701509475708,6217
9.152276039123535,6216
9.157923936843872,6215
9.184593915939331,6214
9.190521001815796,6213
9.20087194442749,6212
9.206123113632202,6211
9.214802026748657,6210
9.220098972320557,6209
9.229331970214844,6208
9.245673179626465,6207
9.250547170639038,6206
9.268799066543579,6205
9.273697137832642,6204
9.291724920272827,6203
9.296674013137817,6202
9.301467895507812,6201
9.306267976760864,6200
9.32369589805603,6199
9.328387022018433,6198
9.33459997177124,6197
9.35575008392334,6196
9.360433101654053,6195
9.365111827850342,6194
9.378546953201294,6193
9.391432046890259,6192
9.399976968765259,6191
9.413608074188232,6190
9.41881513595581,6189
9.423457860946655,6188
9.428046941757202,6187
9.43732500076294,6186
9.444026947021484,6185
9.453542947769165,6184
9.48567509651184,6183
9.490391969680786,6182
9.502345085144043,6181
9.508198976516724,6180
9.51302194595337,6179
9.528832197189331,6178
9.533687829971313,6177
9.53837513923645,6176
9.548884153366089,6175
9.553786993026733,6174
9.570852041244507,6173
9.575632095336914,6172
9.581949949264526,6171
9.604471921920776,6170
9.609153985977173,6169
9.622797966003418,6168
9.632122993469238,6167
9.63979721069336,6166
9.644479036331177,6165
9.64917516708374,6164
9.655270099639893,6163
9.679749965667725,6162
9.684432029724121,6161
9.715147018432617,6160
9.719762086868286,6159
9.743345975875854,6158
9.762181997299194,6157
9.772470235824585,6156
9.78076720237732,6155
9.793484926223755,6154
9.80296802520752,6153
9.824686050415039,6152
9.83153486251831,6151
9.862524032592773,6150
9.870821952819824,6149
9.876279830932617,6148
9.896584033966064,6147
9.901207208633423,6146
9.905831098556519,6145
9.910429000854492,6144
9.920780181884766,6143
9.931896924972534,6142
9.936579942703247,6141
9.941474914550781,6140
9.955885887145996,6139
9.965228796005249,6138
9.969858884811401,6137
9.974634170532227,6136
9.984308004379272,6135
9.989089965820312,6134
9.993798971176147,6133
