0.0005910396575927734,197
0.0010628700256347656,196
0.0015189647674560547,197
0.0019729137420654297,196
0.002428770065307617,195
0.0032758712768554688,194
0.004135847091674805,193
0.0045928955078125,192
0.005071163177490234,191
0.00585174560546875,190
0.006312847137451172,189
0.007264852523803711,188
0.008096933364868164,187
0.00992894172668457,186
0.010741949081420898,185
0.011409759521484375,184
0.012620925903320312,183
0.013595819473266602,182
0.014136075973510742,181
0.017188072204589844,180
0.017924070358276367,179
0.01888585090637207,178
0.023797988891601562,177
0.026680946350097656,176
0.032602787017822266,175
0.03458404541015625,174
0.039003849029541016,173
0.049498796463012695,172
0.05373787879943848,171
0.05732607841491699,170
0.06134486198425293,169
0.10604000091552734,168
0.11204695701599121,167
0.12500286102294922,166
0.13863706588745117,165
