0.0010230541229248047,1460
0.001857757568359375,1459
0.0026760101318359375,1458
0.003482818603515625,1457
0.004307985305786133,1456
0.005133867263793945,1455
0.005952119827270508,1454
0.006754875183105469,1453
0.007556915283203125,1452
0.00836801528930664,1451
0.009189844131469727,1450
0.009999990463256836,1449
0.010802984237670898,1448
0.011612892150878906,1447
0.012423992156982422,1446
0.013226747512817383,1445
0.014027833938598633,1444
0.014889001846313477,1443
0.015724897384643555,1442
0.01653885841369629,1441
0.01735210418701172,1440
0.018155813217163086,1439
0.018963098526000977,1438
0.01976299285888672,1437
0.0206449031829834,1436
0.02244091033935547,1435
0.02333807945251465,1434
0.02414703369140625,1433
0.02498793601989746,1432
0.02580094337463379,1431
0.0274200439453125,1430
0.028223037719726562,1429
0.029068946838378906,1428
0.0298769474029541,1427
0.030683040618896484,1426
0.03148603439331055,1425
0.0322878360748291,1424
0.03315091133117676,1423
0.0340418815612793,1422
0.03574371337890625,1421
0.03655886650085449,1420
0.037374019622802734,1419
0.03818082809448242,1418
0.03898787498474121,1417
0.03979611396789551,1416
0.040599822998046875,1415
0.041404008865356445,1414
0.0434718132019043,1413
0.044281959533691406,1412
0.04508399963378906,1411
0.045886993408203125,1410
0.047928810119628906,1409
0.04875993728637695,1408
0.04956698417663574,1407
0.05038905143737793,1406
0.05121183395385742,1405
0.05208396911621094,1404
0.05322980880737305,1403
0.05408596992492676,1402
0.0549159049987793,1401
0.05575084686279297,1400
0.05657601356506348,1399
0.057402849197387695,1398
0.058216094970703125,1397
0.059033870697021484,1396
0.059883832931518555,1395
0.06073403358459473,1394
0.061553001403808594,1393
0.062387943267822266,1392
0.06322002410888672,1391
0.06403684616088867,1390
0.06483578681945801,1389
0.06564593315124512,1388
0.06645488739013672,1387
0.06728100776672363,1386
0.06881499290466309,1385
0.06962704658508301,1384
0.07044005393981934,1383
0.07126092910766602,1382
0.07261180877685547,1381
0.07400989532470703,1380
0.07504582405090332,1379
0.07587003707885742,1378
0.07669472694396973,1377
0.07753396034240723,1376
0.07835984230041504,1375
0.07918286323547363,1374
0.07999587059020996,1373
0.08079981803894043,1372
0.0816049575805664,1371
0.08256912231445312,1370
0.08337068557739258,1369
0.08417892456054688,1368
0.08497786521911621,1367
0.08580493927001953,1366
0.08662581443786621,1365
0.0881810188293457,1364
0.08936572074890137,1363
0.09099292755126953,1362
0.09182906150817871,1361
0.09280586242675781,1360
0.09421300888061523,1359
0.09503793716430664,1358
0.09585785865783691,1357
0.09665894508361816,1356
0.0974738597869873,1355
0.09893584251403809,1354
0.09982180595397949,1353
0.10066008567810059,1352
0.1014869213104248,1351
0.1024017333984375,1350
0.10322690010070801,1349
0.10404586791992188,1348
0.10486984252929688,1347
0.10570096969604492,1346
0.10650873184204102,1345
0.10731697082519531,1344
0.1081228256225586,1343
0.10892391204833984,1342
0.11001992225646973,1341
0.11082100868225098,1340
0.11162686347961426,1339
0.1124277114868164,1338
0.1132509708404541,1337
0.11408495903015137,1336
0.11489701271057129,1335
0.11570596694946289,1334
0.11652684211730957,1333
0.11736512184143066,1332
0.11871790885925293,1331
0.12049698829650879,1330
0.1221017837524414,1329
0.12291169166564941,1328
0.12453198432922363,1327
0.12536191940307617,1326
0.1264510154724121,1325
0.1277458667755127,1324
0.12855887413024902,1323
0.1293778419494629,1322
0.1302030086517334,1321
0.1310417652130127,1320
0.13184285163879395,1319
0.132659912109375,1318
0.13346290588378906,1317
0.13428092002868652,1316
0.13583087921142578,1315
0.1371626853942871,1314
0.13797378540039062,1313
0.13880205154418945,1312
0.1401669979095459,1311
0.14098286628723145,1310
0.14267182350158691,1309
0.1443319320678711,1308
0.14522790908813477,1307
0.14685702323913574,1306
0.14766907691955566,1305
0.14848589897155762,1304
0.1492917537689209,1303
0.1500990390777588,1302
0.15174198150634766,1301
0.15430593490600586,1300
0.15568804740905762,1299
0.15717387199401855,1298
0.15797996520996094,1297
0.15903186798095703,1296
0.16038799285888672,1295
0.16119098663330078,1294
0.16199588775634766,1293
0.16504979133605957,1292
0.16585493087768555,1291
0.1671309471130371,1290
0.16919994354248047,1289
0.1708848476409912,1288
0.1717228889465332,1287
0.17421984672546387,1286
0.17551803588867188,1285
0.17717385292053223,1284
0.17835283279418945,1283
0.18082499504089355,1282
0.18217682838439941,1281
0.18334197998046875,1280
0.18417000770568848,1279
0.18560481071472168,1278
0.18692684173583984,1277
0.1878039836883545,1276
0.18883681297302246,1275
0.19107389450073242,1274
0.19254302978515625,1273
0.1941699981689453,1272
0.19507384300231934,1271
0.1958909034729004,1270
0.19723200798034668,1269
0.19907498359680176,1268
0.20135092735290527,1267
0.20246577262878418,1266
0.20330405235290527,1265
0.20574092864990234,1264
0.2065889835357666,1263
0.20741581916809082,1262
0.20916986465454102,1261
0.21161198616027832,1260
0.21325087547302246,1259
0.2140648365020752,1258
0.21569275856018066,1257
0.22046709060668945,1256
0.22130489349365234,1255
0.22533798217773438,1254
0.2261519432067871,1253
0.22710895538330078,1252
0.22998785972595215,1251
0.2308058738708496,1250
0.2316288948059082,1249
0.23369288444519043,1248
0.23634099960327148,1247
0.23882293701171875,1246
0.24080586433410645,1245
0.24162602424621582,1244
0.24344897270202637,1243
0.24425196647644043,1242
0.24506092071533203,1241
0.24588990211486816,1240
0.24779295921325684,1239
0.24926495552062988,1238
0.25009703636169434,1237
0.2517390251159668,1236
0.2525639533996582,1235
0.2553989887237549,1234
0.25620579719543457,1233
0.26097702980041504,1232
0.26221179962158203,1231
0.26384496688842773,1230
0.26465487480163574,1229
0.2657308578491211,1228
0.266542911529541,1227
0.2676351070404053,1226
0.26970410346984863,1225
0.27065300941467285,1224
0.27364683151245117,1223
0.27543187141418457,1222
0.27623987197875977,1221
0.27706408500671387,1220
0.27884602546691895,1219
0.2833409309387207,1218
0.2855339050292969,1217
0.28889894485473633,1216
0.2912788391113281,1215
0.2921030521392822,1214
0.29421401023864746,1213
0.29502177238464355,1212
0.295839786529541,1211
0.2991759777069092,1210
0.3000068664550781,1209
0.3023707866668701,1208
0.30431389808654785,1207
0.3105349540710449,1206
0.311370849609375,1205
0.3147549629211426,1204
0.3155710697174072,1203
0.31639790534973145,1202
0.31888890266418457,1201
0.3249669075012207,1200
0.3258168697357178,1199
0.3280620574951172,1198
0.3300497531890869,1197
0.33127689361572266,1196
0.3320889472961426,1195
0.3333909511566162,1194
0.3348879814147949,1193
0.3396880626678467,1192
0.34145689010620117,1191
0.3443610668182373,1190
0.3456599712371826,1189
0.3464679718017578,1188
0.34728002548217773,1187
0.34889674186706543,1186
0.35043787956237793,1185
0.35135388374328613,1184
0.35216689109802246,1183
0.35300374031066895,1182
0.35643601417541504,1181
0.360137939453125,1180
0.36095190048217773,1179
0.3636460304260254,1178
0.367020845413208,1177
0.3679158687591553,1176
0.3687467575073242,1175
0.36957812309265137,1174
0.37271881103515625,1173
0.37735581398010254,1172
0.3781919479370117,1171
0.3797149658203125,1170
0.3834209442138672,1169
0.3850557804107666,1168
0.3861420154571533,1167
0.3869609832763672,1166
0.3908839225769043,1165
0.3920459747314453,1164
0.395798921585083,1163
0.39661097526550293,1162
0.3993968963623047,1161
0.40355587005615234,1160
0.4043889045715332,1159
0.4058859348297119,1158
0.4101569652557373,1157
0.41166186332702637,1156
0.41646695137023926,1155
0.4172990322113037,1154
0.4201829433441162,1153
0.42318177223205566,1152
0.4257519245147705,1151
0.42972874641418457,1150
0.4328458309173584,1149
0.4407477378845215,1148
0.441586971282959,1147
0.44554996490478516,1146
0.4463770389556885,1145
0.44719791412353516,1144
0.4488646984100342,1143
0.45035791397094727,1142
0.4519798755645752,1141
0.45354676246643066,1140
0.4544179439544678,1139
0.4573960304260254,1138
0.46007776260375977,1137
0.46091198921203613,1136
0.46287989616394043,1135
0.46437597274780273,1134
0.4697229862213135,1133
0.47054386138916016,1132
0.4746997356414795,1131
0.4788050651550293,1130
0.48052096366882324,1129
0.4824788570404053,1128
0.483630895614624,1127
0.48609375953674316,1126
0.489609956741333,1125
0.49078369140625,1124
0.4983499050140381,1123
0.4991738796234131,1122
0.5015649795532227,1121
0.5054779052734375,1120
0.5111799240112305,1119
0.5147299766540527,1118
0.5171048641204834,1117
0.5179347991943359,1116
0.5195400714874268,1115
0.5256428718566895,1114
0.5276899337768555,1113
0.5366768836975098,1112
0.5385177135467529,1111
0.5434479713439941,1110
0.5467557907104492,1109
0.5491509437561035,1108
0.5548079013824463,1107
0.5586819648742676,1106
0.565173864364624,1105
0.567497968673706,1104
0.5740799903869629,1103
0.580906867980957,1102
0.5850000381469727,1101
0.5858237743377686,1100
0.5893068313598633,1099
0.5901298522949219,1098
0.591040849685669,1097
0.5923428535461426,1096
0.5944979190826416,1095
0.6010468006134033,1094
0.6031858921051025,1093
0.6079409122467041,1092
0.619581937789917,1091
0.6222848892211914,1090
0.62847900390625,1089
0.6308057308197021,1088
0.6379299163818359,1087
0.6398937702178955,1086
0.6439318656921387,1085
0.646259069442749,1084
0.6560428142547607,1083
0.6568567752838135,1082
0.6585009098052979,1081
0.65936279296875,1080
0.6633360385894775,1079
0.6641638278961182,1078
0.6649818420410156,1077
0.6658189296722412,1076
0.6694629192352295,1075
0.6743040084838867,1074
0.6753218173980713,1073
0.6790039539337158,1072
0.6811196804046631,1071
0.6824510097503662,1070
0.690654993057251,1069
0.7040050029754639,1068
0.7053971290588379,1067
0.7076387405395508,1066
0.7158999443054199,1065
0.7193827629089355,1064
0.722977876663208,1063
0.7350339889526367,1062
0.7396349906921387,1061
0.7434027194976807,1060
0.7513360977172852,1059
0.756242036819458,1058
0.7584679126739502,1057
0.7651758193969727,1056
0.7722420692443848,1055
0.7833707332611084,1054
0.7849349975585938,1053
0.8056421279907227,1052
0.8084807395935059,1051
0.8137319087982178,1050
0.8178238868713379,1049
0.8363428115844727,1048
0.8382148742675781,1047
0.8436758518218994,1046
0.8512747287750244,1045
0.8572378158569336,1044
0.8633909225463867,1043
0.8691930770874023,1042
0.8705379962921143,1041
0.8781657218933105,1040
0.8800008296966553,1039
0.8810667991638184,1038
0.8818929195404053,1037
0.8906738758087158,1036
0.8979599475860596,1035
0.8992090225219727,1034
0.901155948638916,1033
0.9103677272796631,1032
0.9168369770050049,1031
0.9237568378448486,1030
0.9435417652130127,1029
0.9467370510101318,1028
0.9663577079772949,1027
0.9795169830322266,1026
0.9811117649078369,1025
0.986562967300415,1024
1.001572847366333,1023
1.0152018070220947,1022
1.016615867614746,1021
1.0346860885620117,1020
1.0421268939971924,1019
1.0636298656463623,1018
1.0652470588684082,1017
1.0755228996276855,1016
1.0788297653198242,1015
1.0826609134674072,1014
1.0850677490234375,1013
1.0981569290161133,1012
1.1005489826202393,1011
1.1046857833862305,1010
1.1156671047210693,1009
1.1382718086242676,1008
1.144014835357666,1007
1.1487367153167725,1006
1.168402910232544,1005
1.173525094985962,1004
1.1837830543518066,1003
1.1920547485351562,1002
1.2006258964538574,1001
1.2022819519042969,1000
1.2348198890686035,999
1.2517898082733154,998
1.2667920589447021,997
1.2676050662994385,996
1.2769379615783691,995
1.313330888748169,994
1.3281538486480713,993
1.3342599868774414,992
1.3450019359588623,991
1.3772008419036865,990
1.378593921661377,989
1.392991065979004,988
1.416684865951538,987
1.4446380138397217,986
1.4596140384674072,985
1.4678187370300293,984
1.4736368656158447,983
1.4751408100128174,982
1.481255054473877,981
1.4834959506988525,980
1.507680892944336,979
1.5208520889282227,978
1.5451319217681885,977
1.5483598709106445,976
1.5957419872283936,975
1.6562769412994385,974
1.712306022644043,973
1.7529549598693848,972
1.7748918533325195,971
1.8068571090698242,970
1.8100597858428955,969
1.8544538021087646,968
1.8954980373382568,967
1.9234330654144287,966
1.9410099983215332,965
1.9780471324920654,964
2.103986978530884,963
2.162479877471924,962
2.2562849521636963,961
2.258800983428955,960
2.652970790863037,959
2.655693769454956,958
2.6648619174957275,957
2.6883978843688965,956
2.9284119606018066,955
3.488184928894043,954
3.6787848472595215,953
4.131158828735352,952
4.532535791397095,951
