0.002621889114379883,4940
0.005055904388427734,4939
0.007483720779418945,4938
0.009730815887451172,4937
0.011986970901489258,4936
0.014247894287109375,4935
0.016638994216918945,4934
0.019134998321533203,4933
0.02151179313659668,4932
0.02389979362487793,4931
0.026172876358032227,4930
0.028482675552368164,4929
0.030756711959838867,4928
0.03299570083618164,4927
0.035254716873168945,4926
0.03754281997680664,4925
0.039978742599487305,4924
0.04234766960144043,4923
0.04471778869628906,4922
0.04700756072998047,4921
0.049414873123168945,4920
0.05170774459838867,4919
0.05397200584411621,4918
0.05626487731933594,4917
0.058506011962890625,4916
0.06076169013977051,4915
0.06305265426635742,4914
0.06531667709350586,4913
0.06760573387145996,4912
0.06988692283630371,4911
0.07215595245361328,4910
0.07443881034851074,4909
0.07670187950134277,4908
0.07897663116455078,4907
0.08133292198181152,4906
0.08366894721984863,4905
0.08593487739562988,4904
0.08822989463806152,4903
0.09051680564880371,4902
0.09278273582458496,4901
0.09507179260253906,4900
0.09737777709960938,4899
0.09965801239013672,4898
0.10191679000854492,4897
0.10418081283569336,4896
0.10651683807373047,4895
0.10889077186584473,4894
0.11119794845581055,4893
0.11347365379333496,4892
0.1157376766204834,4891
0.11801886558532715,4890
0.12031173706054688,4889
0.1225888729095459,4888
0.12485885620117188,4887
0.12711477279663086,4886
0.12938594818115234,4885
0.1316838264465332,4884
0.13394880294799805,4883
0.13620877265930176,4882
0.1384718418121338,4881
0.14072561264038086,4880
0.1429908275604248,4879
0.1452348232269287,4878
0.14748382568359375,4877
0.14974284172058105,4876
0.15198183059692383,4875
0.15424895286560059,4874
0.15650177001953125,4873
0.15874576568603516,4872
0.16100096702575684,4871
0.16325664520263672,4870
0.16551566123962402,4869
0.1678006649017334,4868
0.17039966583251953,4867
0.17277979850769043,4866
0.17577195167541504,4865
0.17851495742797852,4864
0.18107080459594727,4863
0.1834397315979004,4862
0.1857287883758545,4861
0.1887350082397461,4860
0.19098973274230957,4859
0.19329166412353516,4858
0.19562983512878418,4857
0.19794893264770508,4856
0.2002427577972412,4855
0.20249176025390625,4854
0.20667767524719238,4853
0.20896673202514648,4852
0.21124577522277832,4851
0.21360278129577637,4850
0.21604084968566895,4849
0.21921277046203613,4848
0.2220287322998047,4847
0.22429370880126953,4846
0.22655797004699707,4845
0.22882676124572754,4844
0.23109674453735352,4843
0.23335981369018555,4842
0.2356266975402832,4841
0.2378687858581543,4840
0.24013185501098633,4839
0.24254965782165527,4838
0.2449028491973877,4837
0.24716496467590332,4836
0.2494359016418457,4835
0.25171375274658203,4834
0.25397181510925293,4833
0.25623464584350586,4832
0.25847768783569336,4831
0.2607238292694092,4830
0.26309680938720703,4829
0.26570582389831543,4828
0.2680928707122803,4827
0.27049970626831055,4826
0.27278971672058105,4825
0.27506470680236816,4824
0.27732086181640625,4823
0.27957773208618164,4822
0.2843797206878662,4821
0.286632776260376,4820
0.2888917922973633,4819
0.2911257743835449,4818
0.29340076446533203,4817
0.2964308261871338,4816
0.2986948490142822,4815
0.30094480514526367,4814
0.30319690704345703,4813
0.30544161796569824,4812
0.30770277976989746,4811
0.3100087642669678,4810
0.312288761138916,4809
0.3145599365234375,4808
0.31690287590026855,4807
0.3206179141998291,4806
0.3228926658630371,4805
0.3269987106323242,4804
0.32924771308898926,4803
0.33153581619262695,4802
0.3338887691497803,4801
0.33635997772216797,4800
0.33869385719299316,4799
0.3409848213195801,4798
0.34353160858154297,4797
0.3459157943725586,4796
0.3481757640838623,4795
0.3504676818847656,4794
0.35273289680480957,4793
0.3550069332122803,4792
0.3572659492492676,4791
0.3595457077026367,4790
0.36180782318115234,4789
0.36406373977661133,4788
0.3663139343261719,4787
0.36857080459594727,4786
0.3708329200744629,4785
0.37308764457702637,4784
0.37532758712768555,4783
0.3776438236236572,4782
0.3799569606781006,4781
0.38222289085388184,4780
0.38675570487976074,4779
0.38904285430908203,4778
0.39130282402038574,4777
0.39356279373168945,4776
0.3958418369293213,4775
0.398129940032959,4774
0.400393009185791,4773
0.4026648998260498,4772
0.40493083000183105,4771
0.4072105884552002,4770
0.40947890281677246,4769
0.41175389289855957,4768
0.41406798362731934,4767
0.41632890701293945,4766
0.4223449230194092,4765
0.42459583282470703,4764
0.426851749420166,4763
0.42911267280578613,4762
0.43137574195861816,4761
0.43364381790161133,4760
0.4358956813812256,4759
0.4384498596191406,4758
0.4446418285369873,4757
0.446948766708374,4756
0.4492018222808838,4755
0.45145082473754883,4754
0.45371389389038086,4753
0.4560518264770508,4752
0.45834875106811523,4751
0.46170663833618164,4750
0.46401000022888184,4749
0.46628475189208984,4748
0.46860170364379883,4747
0.4708528518676758,4746
0.47475266456604004,4745
0.47702884674072266,4744
0.47928285598754883,4743
0.4815797805786133,4742
0.48386478424072266,4741
0.4861257076263428,4740
0.4884188175201416,4739
0.4906947612762451,4738
0.4929478168487549,4737
0.4952418804168701,4736
0.49752378463745117,4735
0.4997708797454834,4734
0.5067737102508545,4733
0.5155515670776367,4732
0.5178239345550537,4731
0.5200729370117188,4730
0.5223658084869385,4729
0.5246396064758301,4728
0.5292038917541504,4727
0.5315017700195312,4726
0.5360977649688721,4725
0.5383868217468262,4724
0.5406479835510254,4723
0.5429027080535889,4722
0.5451498031616211,4721
0.5474388599395752,4720
0.5498518943786621,4719
0.5521407127380371,4718
0.5544209480285645,4717
0.5588486194610596,4716
0.5611307621002197,4715
0.5633878707885742,4714
0.5656557083129883,4713
0.5680327415466309,4712
0.5704927444458008,4711
0.5728187561035156,4710
0.5750887393951416,4709
0.5786538124084473,4708
0.5809717178344727,4707
0.5833926200866699,4706
0.5880227088928223,4705
0.5903046131134033,4704
0.5925707817077637,4703
0.5948526859283447,4702
0.5971336364746094,4701
0.601287841796875,4700
0.6035587787628174,4699
0.6068596839904785,4698
0.6091189384460449,4697
0.6113977432250977,4696
0.6137096881866455,4695
0.6159868240356445,4694
0.6182479858398438,4693
0.6217308044433594,4692
0.626882791519165,4691
0.6291437149047852,4690
0.6313989162445068,4689
0.633671760559082,4688
0.635922908782959,4687
0.6404778957366943,4686
0.6427547931671143,4685
0.6450197696685791,4684
0.6473369598388672,4683
0.6496379375457764,4682
0.6519107818603516,4681
0.6564228534698486,4680
0.6609396934509277,4679
0.6631968021392822,4678
0.6654720306396484,4677
0.6677207946777344,4676
0.6706497669219971,4675
0.6729276180267334,4674
0.675189733505249,4673
0.6774537563323975,4672
0.6820166110992432,4671
0.6843037605285645,4670
0.6865887641906738,4669
0.6888537406921387,4668
0.6910967826843262,4667
0.6933538913726807,4666
0.6956186294555664,4665
0.6986658573150635,4664
0.7009067535400391,4663
0.7031779289245605,4662
0.705420732498169,4661
0.7077629566192627,4660
0.7100789546966553,4659
0.7123446464538574,4658
0.7146427631378174,4657
0.7169039249420166,4656
0.7191848754882812,4655
0.7214479446411133,4654
0.7259788513183594,4653
0.7282507419586182,4652
0.7305607795715332,4651
0.7328498363494873,4650
0.7370448112487793,4649
0.7393007278442383,4648
0.7415838241577148,4647
0.7438600063323975,4646
0.7484738826751709,4645
0.7507758140563965,4644
0.7530288696289062,4643
0.7552998065948486,4642
0.757591724395752,4641
0.7598469257354736,4640
0.7635269165039062,4639
0.765798807144165,4638
0.7680678367614746,4637
0.77034592628479,4636
0.7726006507873535,4635
0.7749447822570801,4634
0.7772486209869385,4633
0.7833058834075928,4632
0.7855677604675293,4631
0.7878308296203613,4630
0.7901158332824707,4629
0.7923929691314697,4628
0.7946438789367676,4627
0.7969169616699219,4626
0.8014307022094727,4625
0.8037188053131104,4624
0.8059866428375244,4623
0.8082618713378906,4622
0.8117640018463135,4621
0.8140637874603271,4620
0.816342830657959,4619
0.8186168670654297,4618
0.8208928108215332,4617
0.8231778144836426,4616
0.8254499435424805,4615
0.8277237415313721,4614
0.8299808502197266,4613
0.8322277069091797,4612
0.8344998359680176,4611
0.8367717266082764,4610
0.8413219451904297,4609
0.8435828685760498,4608
0.8481369018554688,4607
0.8504338264465332,4606
0.8535339832305908,4605
0.8557949066162109,4604
0.8580679893493652,4603
0.860360860824585,4602
0.8626120090484619,4601
0.8649249076843262,4600
0.8671958446502686,4599
0.8694868087768555,4598
0.8717377185821533,4597
0.8740267753601074,4596
0.8762869834899902,4595
0.878546953201294,4594
0.8808367252349854,4593
0.883091926574707,4592
0.885361909866333,4591
0.8885056972503662,4590
0.8907699584960938,4589
0.8930408954620361,4588
0.8953137397766113,4587
0.8998427391052246,4586
0.9021177291870117,4585
0.9043667316436768,4584
0.9066429138183594,4583
0.9089076519012451,4582
0.9128389358520508,4581
0.9151046276092529,4580
0.9173829555511475,4579
0.9196517467498779,4578
0.9219388961791992,4577
0.9251878261566162,4576
0.9274477958679199,4575
0.9297738075256348,4574
0.9320666790008545,4573
0.9343397617340088,4572
0.9387898445129395,4571
0.9410529136657715,4570
0.943307638168335,4569
0.9455568790435791,4568
0.9478178024291992,4567
0.9501016139984131,4566
0.9525146484375,4565
0.9548518657684326,4564
0.9579427242279053,4563
0.9601926803588867,4562
0.962533712387085,4561
0.964857816696167,4560
0.967139720916748,4559
0.9694268703460693,4558
0.9717016220092773,4557
0.9808597564697266,4556
0.9831318855285645,4555
0.9853918552398682,4554
0.9877109527587891,4553
0.9900679588317871,4552
0.9923527240753174,4551
0.9946346282958984,4550
0.9969427585601807,4549
0.9992578029632568,4548
1.0015907287597656,4547
1.0038747787475586,4546
1.0061378479003906,4545
1.0084187984466553,4544
1.0106828212738037,4543
1.012941837310791,4542
1.015263557434082,4541
1.017554759979248,4540
1.0205538272857666,4539
1.0228207111358643,4538
1.0250787734985352,4537
1.027357816696167,4536
1.02964186668396,4535
1.033207654953003,4534
1.0354957580566406,4533
1.0377757549285889,4532
1.0401427745819092,4531
1.0424718856811523,4530
1.046834945678711,4529
1.0505506992340088,4528
1.052865743637085,4527
1.0551319122314453,4526
1.062323808670044,4525
1.0646400451660156,4524
1.0669209957122803,4523
1.0737416744232178,4522
1.0760200023651123,4521
1.078291893005371,4520
1.0806238651275635,4519
1.0829036235809326,4518
1.0851898193359375,4517
1.087458848953247,4516
1.089735984802246,4515
1.0920188426971436,4514
1.0952768325805664,4513
1.0975496768951416,4512
1.0998039245605469,4511
1.102212905883789,4510
1.1053657531738281,4509
1.1079437732696533,4508
1.1104648113250732,4507
1.1134028434753418,4506
1.1163058280944824,4505
1.1192457675933838,4504
1.1217186450958252,4503
1.1245577335357666,4502
1.1273269653320312,4501
1.1321978569030762,4500
1.1345298290252686,4499
1.136861801147461,4498
1.1392059326171875,4497
1.1415507793426514,4496
1.1440057754516602,4495
1.1463418006896973,4494
1.1486589908599854,4493
1.1509628295898438,4492
1.1567647457122803,4491
1.1591339111328125,4490
1.1614458560943604,4489
1.163766622543335,4488
1.1660716533660889,4487
1.168367862701416,4486
1.1708028316497803,4485
1.1731548309326172,4484
1.1778068542480469,4483
1.1801059246063232,4482
1.1825387477874756,4481
1.1881067752838135,4480
1.1924219131469727,4479
1.19472074508667,4478
1.1970927715301514,4477
1.1994187831878662,4476
1.2016966342926025,4475
1.2040777206420898,4474
1.2106287479400635,4473
1.2129669189453125,4472
1.2152698040008545,4471
1.2187457084655762,4470
1.2210667133331299,4469
1.2234718799591064,4468
1.2257678508758545,4467
1.2280707359313965,4466
1.230374813079834,4465
1.2326710224151611,4464
1.2350528240203857,4463
1.2387259006500244,4462
1.241046667098999,4461
1.2433607578277588,4460
1.2479767799377441,4459
1.2502458095550537,4458
1.252553939819336,4457
1.2548387050628662,4456
1.2571227550506592,4455
1.259401798248291,4454
1.2616829872131348,4453
1.2639570236206055,4452
1.2662699222564697,4451
1.2685718536376953,4450
1.270878791809082,4449
1.2731587886810303,4448
1.2754559516906738,4447
1.2801158428192139,4446
1.282700777053833,4445
1.2850618362426758,4444
1.2873756885528564,4443
1.2896709442138672,4442
1.2924537658691406,4441
1.2949419021606445,4440
1.2972917556762695,4439
1.3016178607940674,4438
1.3061456680297852,4437
1.3085017204284668,4436
1.3108439445495605,4435
1.313114881515503,4434
1.321760654449463,4433
1.3263728618621826,4432
1.328859806060791,4431
1.331359624862671,4430
1.333702802658081,4429
1.3359878063201904,4428
1.3382809162139893,4427
1.3405907154083252,4426
1.3428637981414795,4425
1.3460638523101807,4424
1.348357915878296,4423
1.350677728652954,4422
1.3529736995697021,4421
1.3567156791687012,4420
1.3590216636657715,4419
1.3620808124542236,4418
1.3643620014190674,4417
1.3666408061981201,4416
1.3689067363739014,4415
1.373962640762329,4414
1.37736177444458,4413
1.3811748027801514,4412
1.3834686279296875,4411
1.3857557773590088,4410
1.3890407085418701,4409
1.3971679210662842,4408
1.399474859237671,4407
1.4017338752746582,4406
1.4051737785339355,4405
1.407444953918457,4404
1.4097065925598145,4403
1.4142396450042725,4402
1.416517734527588,4401
1.4188039302825928,4400
1.4211006164550781,4399
1.4256489276885986,4398
1.427919864654541,4397
1.4301786422729492,4396
1.4324579238891602,4395
1.4390127658843994,4394
1.4412767887115479,4393
1.443544864654541,4392
1.4458208084106445,4391
1.44813871383667,4390
1.4504456520080566,4389
1.4527528285980225,4388
1.455594778060913,4387
1.4685108661651611,4386
1.47080397605896,4385
1.4758977890014648,4384
1.4781975746154785,4383
1.4804847240447998,4382
1.4851458072662354,4381
1.4896938800811768,4380
1.4920198917388916,4379
1.4943878650665283,4378
1.4967448711395264,4377
1.4990358352661133,4376
1.501354694366455,4375
1.5073978900909424,4374
1.5097618103027344,4373
1.512049913406372,4372
1.5143418312072754,4371
1.5189168453216553,4370
1.5212488174438477,4369
1.5331237316131592,4368
1.5354108810424805,4367
1.537672996520996,4366
1.5416247844696045,4365
1.5438909530639648,4364
1.5462169647216797,4363
1.5485177040100098,4362
1.5508077144622803,4361
1.5530979633331299,4360
1.5553607940673828,4359
1.5576426982879639,4358
1.5619618892669678,4357
1.5665767192840576,4356
1.571556806564331,4355
1.5764317512512207,4354
1.5810036659240723,4353
1.5832958221435547,4352
1.5855998992919922,4351
1.5878918170928955,4350
1.5901777744293213,4349
1.592484712600708,4348
1.5947656631469727,4347
1.5983717441558838,4346
1.6029577255249023,4345
1.6052496433258057,4344
1.6075408458709717,4343
1.612095832824707,4342
1.617534875869751,4341
1.6220948696136475,4340
1.6243798732757568,4339
1.6289117336273193,4338
1.6312098503112793,4337
1.6335737705230713,4336
1.636927843093872,4335
1.6392269134521484,4334
1.641577959060669,4333
1.6454389095306396,4332
1.6497437953948975,4331
1.6543419361114502,4330
1.6589219570159912,4329
1.66119384765625,4328
1.668285846710205,4327
1.673508882522583,4326
1.6780717372894287,4325
1.6803619861602783,4324
1.6826796531677246,4323
1.6849677562713623,4322
1.6886608600616455,4321
1.6909468173980713,4320
1.69321870803833,4319
1.6955058574676514,4318
1.6978576183319092,4317
1.700739860534668,4316
1.7042088508605957,4315
1.7065138816833496,4314
1.7088148593902588,4313
1.7110908031463623,4312
1.7156496047973633,4311
1.7179226875305176,4310
1.7202188968658447,4309
1.72310471534729,4308
1.7253949642181396,4307
1.7303009033203125,4306
1.7325859069824219,4305
1.739459753036499,4304
1.7417259216308594,4303
1.7440106868743896,4302
1.7463459968566895,4301
1.7486889362335205,4300
1.7510106563568115,4299
1.753293752670288,4298
1.7555747032165527,4297
1.7588567733764648,4296
1.7623958587646484,4295
1.7647178173065186,4294
1.77587890625,4293
1.778148889541626,4292
1.780447006225586,4291
1.7834739685058594,4290
1.785780906677246,4289
1.792717695236206,4288
1.7955567836761475,4287
1.8006937503814697,4286
1.8081207275390625,4285
1.8104288578033447,4284
1.8127119541168213,4283
1.8150827884674072,4282
1.8173975944519043,4281
1.8196806907653809,4280
1.824143886566162,4279
1.8302159309387207,4278
1.8324987888336182,4277
1.8354387283325195,4276
1.8398489952087402,4275
1.8421657085418701,4274
1.8444538116455078,4273
1.8513469696044922,4272
1.8536996841430664,4271
1.856029987335205,4270
1.8593368530273438,4269
1.8639187812805176,4268
1.8694117069244385,4267
1.8716938495635986,4266
1.8739848136901855,4265
1.877476692199707,4264
1.8797657489776611,4263
1.882103681564331,4262
1.8867719173431396,4261
1.8890769481658936,4260
1.8913638591766357,4259
1.8954577445983887,4258
1.8977727890014648,4257
1.9000518321990967,4256
1.9023268222808838,4255
1.912975788116455,4254
1.915273904800415,4253
1.9245648384094238,4252
1.9268548488616943,4251
1.9298207759857178,4250
1.9320929050445557,4249
1.9398777484893799,4248
1.942173957824707,4247
1.9444947242736816,4246
1.9467918872833252,4245
1.9490888118743896,4244
1.9514598846435547,4243
1.9581687450408936,4242
1.9604759216308594,4241
1.9627728462219238,4240
1.965075969696045,4239
1.9673616886138916,4238
1.9696917533874512,4237
1.974228858947754,4236
1.9765198230743408,4235
1.979942798614502,4234
1.9822616577148438,4233
1.984555721282959,4232
1.9868788719177246,4231
1.9931867122650146,4230
1.9954898357391357,4229
1.9987359046936035,4228
2.003896713256836,4227
2.01076078414917,4226
2.0131499767303467,4225
2.0155928134918213,4224
2.0179758071899414,4223
2.0304856300354004,4222
2.032768726348877,4221
2.035066843032837,4220
2.0432026386260986,4219
2.0484578609466553,4218
2.0507547855377197,4217
2.0547847747802734,4216
2.0571088790893555,4215
2.05938982963562,4214
2.0616986751556396,4213
2.0639917850494385,4212
2.0685477256774902,4211
2.0708439350128174,4210
2.073131799697876,4209
2.075404644012451,4208
2.077692747116089,4207
2.0799968242645264,4206
2.0845797061920166,4205
2.0931777954101562,4204
2.095456600189209,4203
2.1007518768310547,4202
2.103064775466919,4201
2.105888605117798,4200
2.108182668685913,4199
2.1104977130889893,4198
2.1145946979522705,4197
2.116882801055908,4196
2.119194746017456,4195
2.1215035915374756,4194
2.128049850463867,4193
2.1326327323913574,4192
2.136199951171875,4191
2.142385959625244,4190
2.1456098556518555,4189
2.1479296684265137,4188
2.1502459049224854,4187
2.1525447368621826,4186
2.1574506759643555,4185
2.1597976684570312,4184
2.1644387245178223,4183
2.172452688217163,4182
2.1747567653656006,4181
2.1859068870544434,4180
2.18818998336792,4179
2.1904866695404053,4178
2.2048399448394775,4177
2.207124948501587,4176
2.217371940612793,4175
2.219644784927368,4174
2.2219247817993164,4173
2.225512981414795,4172
2.2301015853881836,4171
2.234663963317871,4170
2.238353967666626,4169
2.2406179904937744,4168
2.2429347038269043,4167
2.2452878952026367,4166
2.2519547939300537,4165
2.258673906326294,4164
2.2609596252441406,4163
2.2655248641967773,4162
2.2690749168395996,4161
2.271375894546509,4160
2.273650884628296,4159
2.2759268283843994,4158
2.279093027114868,4157
2.2814478874206543,4156
2.283818006515503,4155
2.2917098999023438,4154
2.2969605922698975,4153
2.305980920791626,4152
2.3114707469940186,4151
2.3138368129730225,4150
2.318443775177002,4149
2.3217577934265137,4148
2.3242108821868896,4147
2.328932762145996,4146
2.3341588973999023,4145
2.3366427421569824,4144
2.3405587673187256,4143
2.3478407859802246,4142
2.3501977920532227,4141
2.3524928092956543,4140
2.354801893234253,4139
2.3657379150390625,4138
2.3680288791656494,4137
2.3703088760375977,4136
2.3749217987060547,4135
2.377201795578003,4134
2.3794918060302734,4133
2.384056806564331,4132
2.386356830596924,4131
2.39109468460083,4130
2.3934426307678223,4129
2.395805835723877,4128
2.399801731109619,4127
2.402122735977173,4126
2.406578779220581,4125
2.410719633102417,4124
2.4130847454071045,4123
2.415416717529297,4122
2.420008897781372,4121
2.4249579906463623,4120
2.42724871635437,4119
2.429553747177124,4118
2.4341237545013428,4117
2.4364748001098633,4116
2.4388387203216553,4115
2.443419933319092,4114
2.4467458724975586,4113
2.4514288902282715,4112
2.462599754333496,4111
2.466681718826294,4110
2.4689810276031494,4109
2.4751029014587402,4108
2.4795327186584473,4107
2.4818427562713623,4106
2.484961748123169,4105
2.487264633178711,4104
2.4948606491088867,4103
2.498353958129883,4102
2.5043106079101562,4101
2.51635479927063,4100
2.5186448097229004,4099
2.525409698486328,4098
2.527728796005249,4097
2.5300207138061523,4096
2.53232479095459,4095
2.5392189025878906,4094
2.5415139198303223,4093
2.552597761154175,4092
2.555076837539673,4091
2.56388783454895,4090
2.5681469440460205,4089
2.5704619884490967,4088
2.5727577209472656,4087
2.5813279151916504,4086
2.58894681930542,4085
2.5930776596069336,4084
2.599165916442871,4083
2.601533889770508,4082
2.603879928588867,4081
2.608236789703369,4080
2.6145107746124268,4079
2.6190826892852783,4078
2.626309871673584,4077
2.6286227703094482,4076
2.63222074508667,4075
2.6445839405059814,4074
2.6502318382263184,4073
2.6525487899780273,4072
2.6595897674560547,4071
2.6618828773498535,4070
2.6641688346862793,4069
2.666430950164795,4068
2.676797866821289,4067
2.6790847778320312,4066
2.682865858078003,4065
2.685163736343384,4064
2.68746280670166,4063
2.6897668838500977,4062
2.6920578479766846,4061
2.6977758407592773,4060
2.700124740600586,4059
2.703760862350464,4058
2.706636667251587,4057
2.708923816680908,4056
2.713484764099121,4055
2.7185957431793213,4054
2.72206974029541,4053
2.724353790283203,4052
2.7308926582336426,4051
2.739534854888916,4050
2.745107889175415,4049
2.7474329471588135,4048
2.7497358322143555,4047
2.756450653076172,4046
2.7610177993774414,4045
2.765704870223999,4044
2.767991781234741,4043
2.7745606899261475,4042
2.779099941253662,4041
2.7933847904205322,4040
2.802966833114624,4039
2.8075528144836426,4038
2.8098247051239014,4037
2.813058853149414,4036
2.8153889179229736,4035
2.8177008628845215,4034
2.8296988010406494,4033
2.833934783935547,4032
2.83622670173645,4031
2.839883804321289,4030
2.842996835708618,4029
2.8490869998931885,4028
2.8513858318328857,4027
2.853794813156128,4026
2.856121778488159,4025
2.8610339164733887,4024
2.863306760787964,4023
2.8695168495178223,4022
2.8717918395996094,4021
2.8747336864471436,4020
2.8816778659820557,4019
2.8839807510375977,4018
2.8862977027893066,4017
2.888605833053589,4016
2.891876697540283,4015
2.894190788269043,4014
2.9029157161712646,4013
2.905198812484741,4012
2.907486915588379,4011
2.9120676517486572,4010
2.9143407344818115,4009
2.9166038036346436,4008
2.918888807296753,4007
2.9247958660125732,4006
2.9271256923675537,4005
2.929405927658081,4004
2.9322879314422607,4003
2.934581756591797,4002
2.936844825744629,4001
2.9408016204833984,4000
2.9474527835845947,3999
2.949796676635742,3998
2.952085018157959,3997
2.956641674041748,3996
2.959930896759033,3995
2.9672908782958984,3994
2.9695796966552734,3993
2.971914768218994,3992
2.978837728500366,3991
2.9811227321624756,3990
2.9834256172180176,3989
2.9857139587402344,3988
2.9921858310699463,3987
3.005863904953003,3986
3.0141358375549316,3985
3.018868923187256,3984
3.021192789077759,3983
3.0297060012817383,3982
3.031970739364624,3981
3.038886785507202,3980
3.0411996841430664,3979
3.0516297817230225,3978
3.053994655609131,3977
3.0563888549804688,3976
3.0587079524993896,3975
3.0795986652374268,3974
3.081892728805542,3973
3.086446762084961,3972
3.0974626541137695,3971
3.101071834564209,3970
3.1033737659454346,3969
3.1065406799316406,3968
3.1088316440582275,3967
3.1161248683929443,3966
3.1313488483428955,3965
3.135910749435425,3964
3.138173818588257,3963
3.1427736282348633,3962
3.147319793701172,3961
3.1496798992156982,3960
3.1520488262176514,3959
3.1543707847595215,3958
3.160141706466675,3957
3.1687328815460205,3956
3.1809678077697754,3955
3.1845309734344482,3954
3.1891398429870605,3953
3.1923067569732666,3952
3.1976418495178223,3951
3.2019307613372803,3950
3.2042157649993896,3949
3.2107977867126465,3948
3.2135047912597656,3947
3.2157998085021973,3946
3.226010799407959,3945
3.229271650314331,3944
3.2328038215637207,3943
3.242823839187622,3942
3.2473957538604736,3941
3.249687671661377,3940
3.255934000015259,3939
3.258230686187744,3938
3.260493755340576,3937
3.2627997398376465,3936
3.2683017253875732,3935
3.2728688716888428,3934
3.2801387310028076,3933
3.2824888229370117,3932
3.2847816944122314,3931
3.2879607677459717,3930
3.290250778198242,3929
3.2938997745513916,3928
3.296186923980713,3927
3.2994277477264404,3926
3.3017067909240723,3925
3.306356906890869,3924
3.3086626529693604,3923
3.3109428882598877,3922
3.3132307529449463,3921
3.3155200481414795,3920
3.317800998687744,3919
3.320098638534546,3918
3.3264966011047363,3917
3.3337717056274414,3916
3.343730926513672,3915
3.349003791809082,3914
3.3513007164001465,3913
3.3536007404327393,3912
3.355928659439087,3911
3.3619778156280518,3910
3.3665268421173096,3909
3.369428873062134,3908
3.37275767326355,3907
3.3796286582946777,3906
3.384263753890991,3905
3.389328718185425,3904
3.3924286365509033,3903
3.396765947341919,3902
3.402888774871826,3901
3.405155658721924,3900
3.407449722290039,3899
3.4120848178863525,3898
3.41438889503479,3897
3.4223568439483643,3896
3.424733877182007,3895
3.42702579498291,3894
3.4342238903045654,3893
3.436506748199463,3892
3.4422378540039062,3891
3.445964813232422,3890
3.4538156986236572,3889
3.4570088386535645,3888
3.459308624267578,3887
3.46157169342041,3886
3.463850736618042,3885
3.4683988094329834,3884
3.4767186641693115,3883
3.478980779647827,3882
3.48366379737854,3881
3.49067759513855,3880
3.49306583404541,3879
3.4953908920288086,3878
3.497687816619873,3877
3.502251625061035,3876
3.5046098232269287,3875
3.508070945739746,3874
3.5126779079437256,3873
3.5149476528167725,3872
3.519927740097046,3871
3.537961006164551,3870
3.541358709335327,3869
3.5436348915100098,3868
3.5459258556365967,3867
3.5545637607574463,3866
3.558178663253784,3865
3.5712850093841553,3864
3.576246738433838,3863
3.5786428451538086,3862
3.581037759780884,3861
3.5835137367248535,3860
3.5860018730163574,3859
3.588453769683838,3858
3.5956497192382812,3857
3.60038685798645,3856
3.6065797805786133,3855
3.609001874923706,3854
3.6142327785491943,3853
3.6202619075775146,3852
3.626114845275879,3851
3.6344797611236572,3850
3.644690990447998,3849
3.647158622741699,3848
3.6553988456726074,3847
3.664414882659912,3846
3.675261974334717,3845
3.6776998043060303,3844
3.686231851577759,3843
3.6931698322296143,3842
3.7024216651916504,3841
3.7094006538391113,3840
3.7117037773132324,3839
3.7177276611328125,3838
3.721247673034668,3837
3.725026845932007,3836
3.7363409996032715,3835
3.7410197257995605,3834
3.746797800064087,3833
3.750609874725342,3832
3.7529139518737793,3831
3.756849765777588,3830
3.759253740310669,3829
3.7636139392852783,3828
3.7685766220092773,3827
3.7781319618225098,3826
3.7879137992858887,3825
3.796886682510376,3824
3.7991487979888916,3823
3.801475763320923,3822
3.803769826889038,3821
3.8060648441314697,3820
3.808351755142212,3819
3.811234712600708,3818
3.813541889190674,3817
3.8243417739868164,3816
3.8289997577667236,3815
3.8387298583984375,3814
3.8410258293151855,3813
3.8498387336730957,3812
3.8521218299865723,3811
3.858524799346924,3810
3.862961769104004,3809
3.8667876720428467,3808
3.8736379146575928,3807
3.8769617080688477,3806
3.8889877796173096,3805
3.893683910369873,3804
3.8960046768188477,3803
3.898319721221924,3802
3.9006128311157227,3801
3.907564640045166,3800
3.9098918437957764,3799
3.9139599800109863,3798
3.917775869369507,3797
3.92661190032959,3796
3.9289097785949707,3795
3.934931993484497,3794
3.9372057914733887,3793
3.939509630203247,3792
3.943298816680908,3791
3.948556661605835,3790
3.9535317420959473,3789
3.9570908546447754,3788
3.96747088432312,3787
3.972477912902832,3786
3.9792518615722656,3785
3.99570894241333,3784
3.9989748001098633,3783
4.011423587799072,3782
4.013896942138672,3781
4.017205715179443,3780
4.019520044326782,3779
4.0301666259765625,3778
4.034824848175049,3777
4.037128925323486,3776
4.041788816452026,3775
4.044099807739258,3774
4.046377897262573,3773
4.04870080947876,3772
4.05100679397583,3771
4.0558977127075195,3770
4.058612823486328,3769
4.062540769577026,3768
4.069802761077881,3767
4.0721118450164795,3766
4.074426889419556,3765
4.07673192024231,3764
4.083846807479858,3763
4.089885950088501,3762
4.092284917831421,3761
4.100289821624756,3760
4.106771945953369,3759
4.116786956787109,3758
4.119268894195557,3757
4.127053737640381,3756
4.1336939334869385,3755
4.142644882202148,3754
4.147044897079468,3753
4.151789665222168,3752
4.173054933547974,3751
4.175530672073364,3750
4.181473731994629,3749
4.184062957763672,3748
4.186805725097656,3747
4.189227819442749,3746
4.191582918167114,3745
4.193898677825928,3744
4.209230661392212,3743
4.211718797683716,3742
4.217282772064209,3741
4.22397780418396,3740
4.2306578159332275,3739
4.233052968978882,3738
4.241391897201538,3737
4.2440619468688965,3736
4.249072790145874,3735
4.2539167404174805,3734
4.267655849456787,3733
4.270062685012817,3732
4.278466701507568,3731
4.284061908721924,3730
4.286383867263794,3729
4.293616771697998,3728
4.295936584472656,3727
4.2982378005981445,3726
4.302472829818726,3725
4.304870843887329,3724
4.3101818561553955,3723
4.31628680229187,3722
4.320109844207764,3721
4.324400901794434,3720
4.328535795211792,3719
4.33163595199585,3718
4.339318752288818,3717
4.341728687286377,3716
4.344715595245361,3715
4.35070276260376,3714
4.359198808670044,3713
4.3657307624816895,3712
4.3680419921875,3711
4.37158989906311,3710
4.376177787780762,3709
4.378481864929199,3708
4.385251760482788,3707
4.388378858566284,3706
4.391641855239868,3705
4.393960952758789,3704
4.399869918823242,3703
4.402148723602295,3702
4.408386707305908,3701
4.418378591537476,3700
4.424813747406006,3699
4.429388761520386,3698
4.433343887329102,3697
4.440792798995972,3696
4.453323602676392,3695
4.455632925033569,3694
4.460223913192749,3693
4.463520765304565,3692
4.466556787490845,3691
4.468837738037109,3690
4.471144914627075,3689
4.4734227657318115,3688
4.478005647659302,3687
4.484977960586548,3686
4.489330768585205,3685
4.493899822235107,3684
4.496201992034912,3683
4.499361753463745,3682
4.501633644104004,3681
4.5039145946502686,3680
4.506241798400879,3679
4.508538722991943,3678
4.518407821655273,3677
4.524726629257202,3676
4.532485723495483,3675
4.54046368598938,3674
4.54739785194397,3673
4.549877643585205,3672
4.556764841079712,3671
4.567645788192749,3670
4.574419975280762,3669
4.582038640975952,3668
4.586673736572266,3667
4.589122772216797,3666
4.593803644180298,3665
4.596109867095947,3664
4.5984368324279785,3663
4.601459980010986,3662
4.608245611190796,3661
4.61052680015564,3660
4.612815856933594,3659
4.617384910583496,3658
4.621989727020264,3657
4.625201940536499,3656
4.630781888961792,3655
4.639086723327637,3654
4.64138388633728,3653
4.64366888999939,3652
4.651826858520508,3651
4.662637710571289,3650
4.667332887649536,3649
4.671144962310791,3648
4.673447847366333,3647
4.675750732421875,3646
4.678025007247925,3645
4.680363655090332,3644
4.688811779022217,3643
4.7063257694244385,3642
4.708638906478882,3641
4.714417934417725,3640
4.716709852218628,3639
4.722746849060059,3638
4.725045680999756,3637
4.72731876373291,3636
4.73720383644104,3635
4.748696804046631,3634
4.751053810119629,3633
4.755777835845947,3632
4.760315895080566,3631
4.77097487449646,3630
4.777338743209839,3629
4.783853769302368,3628
4.786577939987183,3627
4.805117845535278,3626
4.8074376583099365,3625
4.812637805938721,3624
4.815196752548218,3623
4.817657709121704,3622
4.821156740188599,3621
4.829343557357788,3620
4.833801984786987,3619
4.838380813598633,3618
4.847604990005493,3617
4.851663827896118,3616
4.856896638870239,3615
4.861188888549805,3614
4.864611864089966,3613
4.87261962890625,3612
4.882096767425537,3611
4.886108875274658,3610
4.8884007930755615,3609
4.8947367668151855,3608
4.906946659088135,3607
4.911571979522705,3606
4.924149036407471,3605
4.926433801651001,3604
4.928733825683594,3603
4.9340338706970215,3602
4.960662603378296,3601
4.964776992797852,3600
4.967063665390015,3599
4.976298570632935,3598
4.981215715408325,3597
4.987152814865112,3596
5.001357793807983,3595
5.005939960479736,3594
5.012864589691162,3593
5.022168874740601,3592
5.0377137660980225,3591
5.040560722351074,3590
5.052827835083008,3589
5.0593297481536865,3588
5.0616466999053955,3587
5.063943862915039,3586
5.066232681274414,3585
5.068565607070923,3584
5.0727386474609375,3583
5.08132791519165,3582
5.085939884185791,3581
5.088246822357178,3580
5.09463095664978,3579
5.097929954528809,3578
5.102572679519653,3577
5.104886770248413,3576
5.116858720779419,3575
5.121586799621582,3574
5.123929738998413,3573
5.133852958679199,3572
5.147796869277954,3571
5.150162935256958,3570
5.15247368812561,3569
5.162936687469482,3568
5.182928800582886,3567
5.187560796737671,3566
5.192852973937988,3565
5.1951658725738525,3564
5.197465896606445,3563
5.203880786895752,3562
5.207016944885254,3561
5.2092978954315186,3560
5.22103476524353,3559
5.227933883666992,3558
5.230901002883911,3557
5.235881805419922,3556
5.2424609661102295,3555
5.244755983352661,3554
5.248993635177612,3553
5.252598762512207,3552
5.2548887729644775,3551
5.257161855697632,3550
5.269551753997803,3549
5.271853685379028,3548
5.274900913238525,3547
5.281143665313721,3546
5.283902883529663,3545
5.2884907722473145,3544
5.296156883239746,3543
5.298491716384888,3542
5.306887865066528,3541
5.309209823608398,3540
5.311508893966675,3539
5.325171947479248,3538
5.327565670013428,3537
5.331654787063599,3536
5.340515851974487,3535
5.34557580947876,3534
5.350389003753662,3533
5.355076789855957,3532
5.357500791549683,3531
5.369966745376587,3530
5.378265857696533,3529
5.381547689437866,3528
5.388525724411011,3527
5.390840768814087,3526
5.402727842330933,3525
5.405007839202881,3524
5.4092817306518555,3523
5.422403812408447,3522
5.432954788208008,3521
5.436374664306641,3520
5.440934896469116,3519
5.4488537311553955,3518
5.4511559009552,3517
5.45830774307251,3516
5.462015867233276,3515
5.46429967880249,3514
5.466604709625244,3513
5.468909740447998,3512
5.473265886306763,3511
5.481825828552246,3510
5.489605903625488,3509
5.496388912200928,3508
5.4994587898254395,3507
5.504036903381348,3506
5.506337642669678,3505
5.510953903198242,3504
5.514343976974487,3503
5.5213048458099365,3502
5.523604869842529,3501
5.5279388427734375,3500
5.530218601226807,3499
5.532491683959961,3498
5.53478479385376,3497
5.55293083190918,3496
5.561854839324951,3495
5.566935777664185,3494
5.578247785568237,3493
5.580542802810669,3492
5.5839197635650635,3491
5.586263656616211,3490
5.590689659118652,3489
5.598083734512329,3488
5.600397825241089,3487
5.608851909637451,3486
5.654986619949341,3485
5.658161878585815,3484
5.660454750061035,3483
5.662752628326416,3482
5.667465925216675,3481
5.669781684875488,3480
5.673628807067871,3479
5.685077667236328,3478
5.689730644226074,3477
5.692055702209473,3476
5.695972681045532,3475
5.704287767410278,3474
5.7099289894104,3473
5.716631650924683,3472
5.7214295864105225,3471
5.723740816116333,3470
5.729582786560059,3469
5.741471767425537,3468
5.746429920196533,3467
5.7583208084106445,3466
5.761557579040527,3465
5.774132966995239,3464
5.780449628829956,3463
5.7828369140625,3462
5.788017749786377,3461
5.803257703781128,3460
5.807863712310791,3459
5.8101418018341064,3458
5.817177772521973,3457
5.822086811065674,3456
5.824397802352905,3455
5.8267059326171875,3454
5.833526611328125,3453
5.842869758605957,3452
5.858982801437378,3451
5.861273765563965,3450
5.863592863082886,3449
5.865893840789795,3448
5.868193626403809,3447
5.880993604660034,3446
5.883417844772339,3445
5.892689943313599,3444
5.897367715835571,3443
5.903634786605835,3442
5.910571813583374,3441
5.91961669921875,3440
5.930753707885742,3439
5.933055877685547,3438
5.95930290222168,3437
5.966378688812256,3436
5.982940912246704,3435
6.001573801040649,3434
6.008132696151733,3433
6.01276969909668,3432
6.023191690444946,3431
6.041343927383423,3430
6.043637752532959,3429
6.057501792907715,3428
6.059802770614624,3427
6.064405679702759,3426
6.070296764373779,3425
6.079302787780762,3424
6.086734771728516,3423
6.08905291557312,3422
6.093324661254883,3421
6.095662832260132,3420
6.097973585128784,3419
6.100377798080444,3418
6.113707780838013,3417
6.1183178424835205,3416
6.128404855728149,3415
6.133759021759033,3414
6.137075901031494,3413
6.144276857376099,3412
6.16065788269043,3411
6.168655872344971,3410
6.18121075630188,3409
6.186104774475098,3408
6.197511911392212,3407
6.19981575012207,3406
6.205219745635986,3405
6.209873914718628,3404
6.213315725326538,3403
6.215618848800659,3402
6.217896938323975,3401
6.220176935195923,3400
6.249915838241577,3399
6.26380181312561,3398
6.268924951553345,3397
6.2751476764678955,3396
6.277482032775879,3395
6.282203912734985,3394
6.289214849472046,3393
6.292475938796997,3392
6.304166793823242,3391
6.3064727783203125,3390
6.3527398109436035,3389
6.35504674911499,3388
6.360500812530518,3387
6.366638660430908,3386
6.37781286239624,3385
6.3824098110198975,3384
6.388592720031738,3383
6.398730754852295,3382
6.401035785675049,3381
6.40898585319519,3380
6.423508882522583,3379
6.4306559562683105,3378
6.44275689125061,3377
6.46932578086853,3376
6.471651792526245,3375
6.481860876083374,3374
6.484187841415405,3373
6.488650798797607,3372
6.495023727416992,3371
6.505195617675781,3370
6.517571687698364,3369
6.519862651824951,3368
6.522160768508911,3367
6.527139663696289,3366
6.532801628112793,3365
6.5350799560546875,3364
6.539162874221802,3363
6.544639825820923,3362
6.549312591552734,3361
6.558726787567139,3360
6.563388824462891,3359
6.572629690170288,3358
6.575005769729614,3357
6.587509632110596,3356
6.589908838272095,3355
6.5957629680633545,3354
6.600400924682617,3353
6.612631797790527,3352
6.625209808349609,3351
6.627530574798584,3350
6.629833936691284,3349
6.638873815536499,3348
6.641194581985474,3347
6.647779703140259,3346
6.6523966789245605,3345
6.656671762466431,3344
6.663548946380615,3343
6.665858745574951,3342
6.67320990562439,3341
6.6820878982543945,3340
6.688475847244263,3339
6.695082664489746,3338
6.7087318897247314,3337
6.711026906967163,3336
6.727357864379883,3335
6.744407653808594,3334
6.769054889678955,3333
6.772185802459717,3332
6.779850006103516,3331
6.782144784927368,3330
6.7878968715667725,3329
6.790202856063843,3328
6.807639837265015,3327
6.837327718734741,3326
6.841012001037598,3325
6.853992938995361,3324
6.85707688331604,3323
6.8594067096710205,3322
6.8656628131866455,3321
6.867977857589722,3320
6.876130819320679,3319
6.887734651565552,3318
6.890037775039673,3317
6.894657611846924,3316
6.916970729827881,3315
6.929268836975098,3314
6.931571960449219,3313
6.9357829093933105,3312
6.944298028945923,3311
6.9774699211120605,3310
6.981592655181885,3309
6.9849936962127686,3308
6.9881157875061035,3307
7.011916637420654,3306
7.018422603607178,3305
7.020725727081299,3304
7.023006916046143,3303
7.026333808898926,3302
7.035619735717773,3301
7.041272878646851,3300
7.053679704666138,3299
7.05952000617981,3298
7.061822891235352,3297
7.078435659408569,3296
7.0899317264556885,3295
7.094653844833374,3294
7.102861642837524,3293
7.121942758560181,3292
7.160723924636841,3291
7.178601980209351,3290
7.188386678695679,3289
7.206218719482422,3288
7.21196174621582,3287
7.214267730712891,3286
7.232227802276611,3285
7.241362810134888,3284
7.2482969760894775,3283
7.270256757736206,3282
7.275786638259888,3281
7.284679889678955,3280
7.2870259284973145,3279
7.2893335819244385,3278
7.295259952545166,3277
7.297566890716553,3276
7.3147618770599365,3275
7.319368839263916,3274
7.3216917514801025,3273
7.339375734329224,3272
7.3575968742370605,3271
7.3599348068237305,3270
7.364917039871216,3269
7.370628833770752,3268
7.37846565246582,3267
7.380804777145386,3266
7.383092880249023,3265
7.385478734970093,3264
7.388225793838501,3263
7.410489797592163,3262
7.412823677062988,3261
7.418630838394165,3260
7.428720712661743,3259
7.432873964309692,3258
7.439540863037109,3257
7.441850900650024,3256
7.446464776992798,3255
7.450528621673584,3254
7.454777717590332,3253
7.457082748413086,3252
7.4700586795806885,3251
7.47826886177063,3250
7.481646776199341,3249
7.497252702713013,3248
7.542472839355469,3247
7.54947566986084,3246
7.553729772567749,3245
7.560035705566406,3244
7.562367916107178,3243
7.57071590423584,3242
7.575929880142212,3241
7.598225831985474,3240
7.601514577865601,3239
7.623154878616333,3238
7.668898820877075,3237
7.688252925872803,3236
7.691770792007446,3235
7.694106817245483,3234
7.700736045837402,3233
7.723138809204102,3232
7.7382118701934814,3231
7.756833791732788,3230
7.770532846450806,3229
7.779733657836914,3228
7.783791780471802,3227
7.786204814910889,3226
7.79401969909668,3225
7.796428680419922,3224
7.825259685516357,3223
7.8294837474823,3222
7.852694749832153,3221
7.857239723205566,3220
7.867701768875122,3219
7.895103931427002,3218
7.904361009597778,3217
7.916178941726685,3216
7.921519756317139,3215
7.9392688274383545,3214
7.949146747589111,3213
7.954465627670288,3212
7.964784860610962,3211
7.9804558753967285,3210
7.982742786407471,3209
7.998391628265381,3208
8.043519973754883,3207
8.059577703475952,3206
8.06481385231018,3205
8.069490909576416,3204
8.080570697784424,3203
8.092950820922852,3202
8.098923683166504,3201
8.105165719985962,3200
8.107520580291748,3199
8.112259864807129,3198
8.116249799728394,3197
8.138238906860352,3196
8.1556077003479,3195
8.168530941009521,3194
8.181692838668823,3193
8.185367822647095,3192
8.196462869644165,3191
8.232777833938599,3190
8.252548694610596,3189
8.273546695709229,3188
8.280717849731445,3187
8.28302788734436,3186
8.285343647003174,3185
8.29521369934082,3184
8.297544956207275,3183
8.319665908813477,3182
8.324329853057861,3181
8.326618909835815,3180
8.329424858093262,3179
8.340452909469604,3178
8.342936754226685,3177
8.34540867805481,3176
8.347855806350708,3175
8.35740065574646,3174
8.35982894897461,3173
8.381895780563354,3172
8.3887460231781,3171
8.406233787536621,3170
8.443552732467651,3169
8.450967788696289,3168
8.455922842025757,3167
8.458253860473633,3166
8.480788946151733,3165
8.496347904205322,3164
8.512895822525024,3163
8.51585078239441,3162
8.522432804107666,3161
8.528714656829834,3160
8.547616720199585,3159
8.585609912872314,3158
8.595924854278564,3157
8.610029697418213,3156
8.642748832702637,3155
8.649694919586182,3154
8.673299789428711,3153
8.705269575119019,3152
8.707681655883789,3151
8.710051774978638,3150
8.713765859603882,3149
8.736645936965942,3148
8.751012802124023,3147
8.754995822906494,3146
8.774502754211426,3145
8.799887895584106,3144
8.80550765991211,3143
8.823832750320435,3142
8.848667860031128,3141
8.85458779335022,3140
8.856968879699707,3139
8.86165189743042,3138
8.871121883392334,3137
8.877810955047607,3136
8.880118608474731,3135
8.882426738739014,3134
8.884731769561768,3133
8.887049913406372,3132
8.89078974723816,3131
8.895461797714233,3130
8.908700942993164,3129
8.928428649902344,3128
8.939634799957275,3127
8.941956758499146,3126
8.946227788925171,3125
8.948548793792725,3124
8.950862884521484,3123
8.97747278213501,3122
9.007444858551025,3121
9.02744174003601,3120
9.037235975265503,3119
9.056980848312378,3118
9.061612844467163,3117
9.06862473487854,3116
9.075299739837646,3115
9.083520650863647,3114
9.090183973312378,3113
9.101411819458008,3112
9.127127647399902,3111
9.144340991973877,3110
9.16248083114624,3109
9.167017936706543,3108
9.173014640808105,3107
9.18178677558899,3106
9.18764591217041,3105
9.194555759429932,3104
9.207249879837036,3103
9.209599018096924,3102
9.215174913406372,3101
9.21747875213623,3100
9.228409767150879,3099
9.240408658981323,3098
9.255198001861572,3097
9.270123720169067,3096
9.293676614761353,3095
9.311588764190674,3094
9.31589674949646,3093
9.353132724761963,3092
9.361243724822998,3091
9.368151664733887,3090
9.38067889213562,3089
9.392359972000122,3088
9.412680864334106,3087
9.499539852142334,3086
9.504149675369263,3085
9.51299786567688,3084
9.55893087387085,3083
9.562581777572632,3082
9.569493770599365,3081
9.578643798828125,3080
9.588121891021729,3079
9.604427814483643,3078
9.606756687164307,3077
9.630525827407837,3076
9.662115812301636,3075
9.677251815795898,3074
9.691108703613281,3073
9.721559762954712,3072
9.723877906799316,3071
9.736081838607788,3070
9.76807975769043,3069
9.776622772216797,3068
9.784347772598267,3067
9.792766809463501,3066
9.798760890960693,3065
9.811993837356567,3064
9.83323073387146,3063
9.855859994888306,3062
9.867308616638184,3061
9.87407374382019,3060
9.880229711532593,3059
9.900814771652222,3058
9.904749870300293,3057
9.917409658432007,3056
9.919744729995728,3055
9.92761492729187,3054
9.929950952529907,3053
9.937199831008911,3052
9.965779781341553,3051
9.96950888633728,3050
9.982770919799805,3049
