0.015935897827148438,11022
0.028528928756713867,11021
0.040884971618652344,11020
0.053125858306884766,11019
0.06515884399414062,11018
0.07754802703857422,11017
0.0900731086730957,11016
0.10232710838317871,11015
0.11456584930419922,11014
0.1270887851715088,11013
0.13937783241271973,11012
0.15169095993041992,11011
0.164201021194458,11010
0.17638397216796875,11009
0.18877601623535156,11008
0.2009599208831787,11007
0.2130448818206787,11006
0.22506499290466309,11005
0.23729395866394043,11004
0.24978089332580566,11003
0.2620401382446289,11002
0.2741119861602783,11001
0.2862129211425781,11000
0.2982609272003174,10999
0.31032609939575195,10998
0.32244396209716797,10997
0.33455991744995117,10996
0.34662508964538574,10995
0.3586769104003906,10994
0.37079882621765137,10993
0.38286685943603516,10992
0.3949599266052246,10991
0.40703296661376953,10990
0.4190859794616699,10989
0.4313058853149414,10988
0.4434778690338135,10987
0.45577192306518555,10986
0.4680960178375244,10985
0.48021507263183594,10984
0.49230289459228516,10983
0.5043759346008301,10982
0.5164480209350586,10981
0.528846025466919,10980
0.5411109924316406,10979
0.5531699657440186,10978
0.5652039051055908,10977
0.5773940086364746,10976
0.5894677639007568,10975
0.6015639305114746,10974
0.6137118339538574,10973
0.6258077621459961,10972
0.6378920078277588,10971
0.6500859260559082,10970
0.6622860431671143,10969
0.6743729114532471,10968
0.6863758563995361,10967
0.6984310150146484,10966
0.7105488777160645,10965
0.7341790199279785,10964
0.7463729381561279,10963
0.7584168910980225,10962
0.7704799175262451,10961
0.7825839519500732,10960
0.7947220802307129,10959
0.8067598342895508,10958
0.8188800811767578,10957
0.8309829235076904,10956
0.8430778980255127,10955
0.8551700115203857,10954
0.8672881126403809,10953
0.8793857097625732,10952
0.891510009765625,10951
0.9036169052124023,10950
0.9157900810241699,10949
0.9279179573059082,10948
0.9399118423461914,10947
0.9520959854125977,10946
0.9642269611358643,10945
0.9763288497924805,10944
0.9900009632110596,10943
1.0021278858184814,10942
1.014556884765625,10941
1.0267179012298584,10940
1.0431649684906006,10939
1.055525779724121,10938
1.0676748752593994,10937
1.079906940460205,10936
1.091986894607544,10935
1.1040408611297607,10934
1.1161699295043945,10933
1.1282508373260498,10932
1.1402990818023682,10931
1.152419090270996,10930
1.164557933807373,10929
1.1766300201416016,10928
1.1887197494506836,10927
1.2008819580078125,10926
1.2129719257354736,10925
1.2250068187713623,10924
1.238232135772705,10923
1.250370979309082,10922
1.262441873550415,10921
1.2745258808135986,10920
1.286668062210083,10919
1.2986969947814941,10918
1.319019079208374,10917
1.3311717510223389,10916
1.3432340621948242,10915
1.3553578853607178,10914
1.3674969673156738,10913
1.3795359134674072,10912
1.391664981842041,10911
1.4037868976593018,10910
1.4159390926361084,10909
1.428044080734253,10908
1.4400761127471924,10907
1.4627840518951416,10906
1.47487211227417,10905
1.4990639686584473,10904
1.5112090110778809,10903
1.5233299732208252,10902
1.5444579124450684,10901
1.5566227436065674,10900
1.5686588287353516,10899
1.5808398723602295,10898
1.59281587600708,10897
1.6048860549926758,10896
1.6170639991760254,10895
1.6291558742523193,10894
1.6503448486328125,10893
1.6624999046325684,10892
1.6746149063110352,10891
1.686586856842041,10890
1.698673963546753,10889
1.710871934890747,10888
1.7230420112609863,10887
1.735213041305542,10886
1.7473959922790527,10885
1.7594459056854248,10884
1.7714917659759521,10883
1.783620834350586,10882
1.7957277297973633,10881
1.8078739643096924,10880
1.8198668956756592,10879
1.8319799900054932,10878
1.8518247604370117,10877
1.8639099597930908,10876
1.8760159015655518,10875
1.8881027698516846,10874
1.9001069068908691,10873
1.9123330116271973,10872
1.924473762512207,10871
1.936572790145874,10870
1.9486808776855469,10869
1.960782766342163,10868
1.9728577136993408,10867
1.984900951385498,10866
2.0061891078948975,10865
2.0182979106903076,10864
2.031528949737549,10863
2.04364275932312,10862
2.0557587146759033,10861
2.076964855194092,10860
2.089156150817871,10859
2.1012520790100098,10858
2.113278865814209,10857
2.1375508308410645,10856
2.1496989727020264,10855
2.1618199348449707,10854
2.173945903778076,10853
2.185999870300293,10852
2.198071002960205,10851
2.210223913192749,10850
2.230409860610962,10849
2.2425479888916016,10848
2.2546498775482178,10847
2.266763925552368,10846
2.2788658142089844,10845
2.291049003601074,10844
2.3137190341949463,10843
2.325856924057007,10842
2.339586019515991,10841
2.3518359661102295,10840
2.3641469478607178,10839
2.376430034637451,10838
2.3885598182678223,10837
2.400644063949585,10836
2.4129040241241455,10835
2.4250078201293945,10834
2.437147855758667,10833
2.4493229389190674,10832
2.461482048034668,10831
2.4735889434814453,10830
2.4858129024505615,10829
2.4980340003967285,10828
2.510164976119995,10827
2.5223350524902344,10826
2.53459095954895,10825
2.546720027923584,10824
2.5588490962982178,10823
2.570966958999634,10822
2.5831780433654785,10821
2.5953519344329834,10820
2.607480049133301,10819
2.619673728942871,10818
2.6318039894104004,10817
2.643941879272461,10816
2.6561038494110107,10815
2.6683268547058105,10814
2.6804399490356445,10813
2.6927170753479004,10812
2.7050130367279053,10811
2.7171549797058105,10810
2.732635974884033,10809
2.7448010444641113,10808
2.756927967071533,10807
2.769084930419922,10806
2.7812600135803223,10805
2.8032588958740234,10804
2.815408945083618,10803
2.8275959491729736,10802
2.8584139347076416,10801
2.870612859725952,10800
2.882734775543213,10799
2.8948118686676025,10798
2.906975030899048,10797
2.9191339015960693,10796
2.93123197555542,10795
2.9433369636535645,10794
2.967582941055298,10793
2.979595899581909,10792
2.997145175933838,10791
3.009289026260376,10790
3.021458864212036,10789
3.039750814437866,10788
3.0518100261688232,10787
3.063908815383911,10786
3.0760409832000732,10785
3.0881879329681396,10784
3.110491991043091,10783
3.122797966003418,10782
3.134990930557251,10781
3.147157907485962,10780
3.167469024658203,10779
3.1794848442077637,10778
3.1915650367736816,10777
3.213886022567749,10776
3.226080894470215,10775
3.238247871398926,10774
3.262021780014038,10773
3.274135112762451,10772
3.286301851272583,10771
3.298413038253784,10770
3.310542106628418,10769
3.322741985321045,10768
3.3349459171295166,10767
3.347040891647339,10766
3.3591527938842773,10765
3.3715038299560547,10764
3.383646011352539,10763
3.3957359790802,10762
3.4079859256744385,10761
3.427927017211914,10760
3.440099000930786,10759
3.4604620933532715,10758
3.472540855407715,10757
3.49190092086792,10756
3.5040199756622314,10755
3.5161290168762207,10754
3.536461114883423,10753
3.555202007293701,10752
3.567328929901123,10751
3.5795059204101562,10750
3.6037449836730957,10749
3.615957021713257,10748
3.6281280517578125,10747
3.6403849124908447,10746
3.6617069244384766,10745
3.673839807510376,10744
3.6859028339385986,10743
3.6980578899383545,10742
3.7101869583129883,10741
3.7223238945007324,10740
3.73441481590271,10739
3.7588248252868652,10738
3.770922899246216,10737
3.783159017562866,10736
3.795344829559326,10735
3.8074679374694824,10734
3.8195340633392334,10733
3.8317298889160156,10732
3.8439009189605713,10731
3.856017827987671,10730
3.8684020042419434,10729
3.880558729171753,10728
3.8926808834075928,10727
3.9047999382019043,10726
3.916975736618042,10725
3.93312406539917,10724
3.952497959136963,10723
3.9646379947662354,10722
3.9768240451812744,10721
3.9890308380126953,10720
4.001266002655029,10719
4.013444900512695,10718
4.025584936141968,10717
4.037764072418213,10716
4.059125900268555,10715
4.071272850036621,10714
4.083520889282227,10713
4.129441022872925,10712
4.153788805007935,10711
4.165979862213135,10710
4.178126811981201,10709
4.198683977127075,10708
4.218903064727783,10707
4.231088876724243,10706
4.243297100067139,10705
4.255450963973999,10704
4.2675840854644775,10703
4.281224012374878,10702
4.293417930603027,10701
4.305492877960205,10700
4.317572116851807,10699
4.329782009124756,10698
4.341946840286255,10697
4.3540239334106445,10696
4.366128921508789,10695
4.378232955932617,10694
4.390460968017578,10693
4.402740001678467,10692
4.414926767349243,10691
4.427045822143555,10690
4.439130783081055,10689
4.451314926147461,10688
4.463441848754883,10687
4.475535869598389,10686
4.4876708984375,10685
4.499769926071167,10684
4.511918067932129,10683
4.524104833602905,10682
4.536304950714111,10681
4.548446893692017,10680
4.573976039886475,10679
4.586177110671997,10678
4.598265886306763,10677
4.610486030578613,10676
4.622756719589233,10675
4.634862899780273,10674
4.646944999694824,10673
4.659153938293457,10672
4.671331882476807,10671
4.683489084243774,10670
4.695675849914551,10669
4.71701192855835,10668
4.729183912277222,10667
4.741466760635376,10666
4.753625154495239,10665
4.773250102996826,10664
4.785489797592163,10663
4.797660827636719,10662
4.809798955917358,10661
4.821958780288696,10660
4.83414101600647,10659
4.846193790435791,10658
4.858345031738281,10657
4.870585918426514,10656
4.882736921310425,10655
4.894800901412964,10654
4.907163858413696,10653
4.919346809387207,10652
4.938906908035278,10651
4.951127052307129,10650
4.96329402923584,10649
4.975491046905518,10648
4.987683057785034,10647
4.999881982803345,10646
5.019867897033691,10645
5.032073020935059,10644
5.050372838973999,10643
5.063622951507568,10642
5.075877904891968,10641
5.100064039230347,10640
5.112185001373291,10639
5.12444806098938,10638
5.136589050292969,10637
5.148741960525513,10636
5.160948991775513,10635
5.173120975494385,10634
5.185257911682129,10633
5.197468996047974,10632
5.209659814834595,10631
5.2332470417022705,10630
5.245487928390503,10629
5.257636785507202,10628
5.269783020019531,10627
5.28787899017334,10626
5.299889802932739,10625
5.312050819396973,10624
5.333188056945801,10623
5.345337867736816,10622
5.3574347496032715,10621
5.3819379806518555,10620
5.39407205581665,10619
5.406330823898315,10618
5.429173946380615,10617
5.4413440227508545,10616
5.479836940765381,10615
5.502752065658569,10614
5.514913082122803,10613
5.527029991149902,10612
5.539204120635986,10611
5.551424980163574,10610
5.563554048538208,10609
5.575822830200195,10608
5.597731828689575,10607
5.609882831573486,10606
5.6222028732299805,10605
5.634330749511719,10604
5.64644193649292,10603
5.658646106719971,10602
5.679019927978516,10601
5.691182851791382,10600
5.703378915786743,10599
5.715550899505615,10598
5.727750778198242,10597
5.739965915679932,10596
5.777622938156128,10595
5.799406051635742,10594
5.811553955078125,10593
5.823710918426514,10592
5.835897922515869,10591
5.848016977310181,10590
5.860122919082642,10589
5.872374057769775,10588
5.8845648765563965,10587
5.896692991256714,10586
5.92067289352417,10585
5.932996034622192,10584
5.957542896270752,10583
5.969725847244263,10582
5.981905937194824,10581
5.994171857833862,10580
6.006317138671875,10579
6.01848292350769,10578
6.030668020248413,10577
6.042887926101685,10576
6.055088758468628,10575
6.067255020141602,10574
6.079525947570801,10573
6.091712951660156,10572
6.103877782821655,10571
6.131204843521118,10570
6.143377780914307,10569
6.19614577293396,10568
6.2084150314331055,10567
6.237657785415649,10566
6.249913930892944,10565
6.262171983718872,10564
6.2788779735565186,10563
6.29118275642395,10562
6.303346872329712,10561
6.31886887550354,10560
6.334686994552612,10559
6.3468217849731445,10558
6.35898494720459,10557
6.379321098327637,10556
6.391449928283691,10555
6.426754951477051,10554
6.438916921615601,10553
6.451289892196655,10552
6.475727796554565,10551
6.487991094589233,10550
6.519833087921143,10549
6.531994819641113,10548
6.544214963912964,10547
6.565448999404907,10546
6.577723979949951,10545
6.58990216255188,10544
6.602109909057617,10543
6.614336013793945,10542
6.637485027313232,10541
6.649682998657227,10540
6.661997079849243,10539
6.6741790771484375,10538
6.686254024505615,10537
6.698400974273682,10536
6.710563898086548,10535
6.722682952880859,10534
6.734889030456543,10533
6.74717378616333,10532
6.759360074996948,10531
6.771528005599976,10530
6.78378701210022,10529
6.801131010055542,10528
6.813293933868408,10527
6.825608015060425,10526
6.849937915802002,10525
6.863417863845825,10524
6.875648021697998,10523
6.887816905975342,10522
6.89986515045166,10521
6.916252851486206,10520
6.928388833999634,10519
6.940500974655151,10518
6.98343300819397,10517
6.99578595161438,10516
7.010246992111206,10515
7.0467529296875,10514
7.070380926132202,10513
7.082676887512207,10512
7.094944953918457,10511
7.1072998046875,10510
7.15236496925354,10509
7.16458797454834,10508
7.188953876495361,10507
7.201251745223999,10506
7.213479995727539,10505
7.225651025772095,10504
7.237805128097534,10503
7.25006103515625,10502
7.262242078781128,10501
7.274366855621338,10500
7.286555767059326,10499
7.2987120151519775,10498
7.317409992218018,10497
7.329629898071289,10496
7.341793060302734,10495
7.353961944580078,10494
7.36740779876709,10493
7.39053201675415,10492
7.4092957973480225,10491
7.4214489459991455,10490
7.434282064437866,10489
7.448127031326294,10488
7.478505849838257,10487
7.490961790084839,10486
7.503191947937012,10485
7.515455007553101,10484
7.527674913406372,10483
7.541009902954102,10482
7.553104877471924,10481
7.577069044113159,10480
7.589323043823242,10479
7.60150408744812,10478
7.6358349323272705,10477
7.648055076599121,10476
7.660372972488403,10475
7.6725990772247314,10474
7.695949077606201,10473
7.710383892059326,10472
7.733492851257324,10471
7.754259824752808,10470
7.768203020095825,10469
7.782377004623413,10468
7.796211004257202,10467
7.809463977813721,10466
7.822751998901367,10465
7.83632493019104,10464
7.853142976760864,10463
7.891531944274902,10462
7.903854846954346,10461
7.91633415222168,10460
7.928957939147949,10459
7.9414849281311035,10458
7.9546449184417725,10457
7.985548973083496,10456
7.9982709884643555,10455
8.01223874092102,10454
8.025568008422852,10453
8.038740873336792,10452
8.079031944274902,10451
8.102066993713379,10450
8.115746974945068,10449
8.12942099571228,10448
8.153974056243896,10447
8.168355703353882,10446
8.19533395767212,10445
8.208531856536865,10444
8.235694169998169,10443
8.250251054763794,10442
8.263706922531128,10441
8.27716875076294,10440
8.290052890777588,10439
8.302802801132202,10438
8.32007884979248,10437
8.333122968673706,10436
8.358980894088745,10435
8.371887922286987,10434
8.38477897644043,10433
8.39774489402771,10432
8.410712003707886,10431
8.423671960830688,10430
8.436179876327515,10429
8.449028730392456,10428
8.461907863616943,10427
8.47480297088623,10426
8.48879885673523,10425
8.5016930103302,10424
8.51512598991394,10423
8.528692960739136,10422
8.5419180393219,10421
8.558367013931274,10420
8.571175813674927,10419
8.598318815231323,10418
8.616185903549194,10417
8.629073858261108,10416
8.641934871673584,10415
8.661078929901123,10414
8.673940896987915,10413
8.721879005432129,10412
8.748384952545166,10411
8.761777877807617,10410
8.775292873382568,10409
8.79070782661438,10408
8.820976972579956,10407
8.83387279510498,10406
8.861938953399658,10405
8.898145914077759,10404
8.922052145004272,10403
8.934322834014893,10402
8.955886125564575,10401
8.975872039794922,10400
8.988225936889648,10399
9.000581741333008,10398
9.012976884841919,10397
9.02531099319458,10396
9.037664890289307,10395
9.049931049346924,10394
9.062235832214355,10393
9.080062866210938,10392
9.09638500213623,10391
9.108582973480225,10390
9.120828866958618,10389
9.133394956588745,10388
9.1460280418396,10387
9.158327102661133,10386
9.170597791671753,10385
9.192282915115356,10384
9.206816911697388,10383
9.218974828720093,10382
9.238529920578003,10381
9.25075101852417,10380
9.274322986602783,10379
9.29011607170105,10378
9.313271045684814,10377
9.325462102890015,10376
9.349906921386719,10375
9.386673927307129,10374
9.398815870285034,10373
9.411054134368896,10372
9.423213958740234,10371
9.43546175956726,10370
9.447748899459839,10369
9.459959983825684,10368
9.481889963150024,10367
9.494180917739868,10366
9.506414890289307,10365
9.518615007400513,10364
9.531044721603394,10363
9.543307065963745,10362
9.563527822494507,10361
9.575829982757568,10360
9.588068723678589,10359
9.600266933441162,10358
9.61249589920044,10357
9.679337978363037,10356
9.699028968811035,10355
9.711297035217285,10354
9.732089757919312,10353
9.744371891021729,10352
9.7687828540802,10351
9.781000852584839,10350
9.793174028396606,10349
9.814003944396973,10348
9.834375858306885,10347
9.846596717834473,10346
9.858836889266968,10345
9.871096134185791,10344
9.88344693183899,10343
9.8957839012146,10342
9.90806770324707,10341
9.920276880264282,10340
9.932384967803955,10339
9.96695876121521,10338
9.97915005683899,10337
9.991485834121704,10336
10.003743886947632,10335
