0.026298999786376953,14108
0.04977297782897949,14107
0.07273602485656738,14106
0.09575176239013672,14105
0.11883378028869629,14104
0.14210200309753418,14103
0.16422390937805176,14102
0.1867067813873291,14101
0.20851397514343262,14100
0.23113012313842773,14099
0.2532370090484619,14098
0.27663683891296387,14097
0.3000020980834961,14096
0.32208895683288574,14095
0.3441939353942871,14094
0.3663520812988281,14093
0.3885328769683838,14092
0.4105560779571533,14091
0.432873010635376,14090
0.45488691329956055,14089
0.4773519039154053,14088
0.499330997467041,14087
0.5220890045166016,14086
0.5446820259094238,14085
0.5676929950714111,14084
0.5903210639953613,14083
0.6123819351196289,14082
0.6345138549804688,14081
0.6564610004425049,14080
0.6787960529327393,14079
0.7005400657653809,14078
0.7227308750152588,14077
0.7444939613342285,14076
0.7668049335479736,14075
0.7886230945587158,14074
0.8109099864959717,14073
0.8327329158782959,14072
0.8551769256591797,14071
0.8770921230316162,14070
0.8991799354553223,14069
0.9211268424987793,14068
0.9431421756744385,14067
0.9649369716644287,14066
0.9870200157165527,14065
1.0090899467468262,14064
1.0313620567321777,14063
1.0541820526123047,14062
1.0770440101623535,14061
1.0998671054840088,14060
1.1216959953308105,14059
1.1438939571380615,14058
1.165802001953125,14057
1.1880691051483154,14056
1.2099740505218506,14055
1.2419261932373047,14054
1.2639579772949219,14053
1.2857818603515625,14052
1.3079757690429688,14051
1.3297419548034668,14050
1.3520150184631348,14049
1.3738579750061035,14048
1.3963069915771484,14047
1.4182677268981934,14046
1.4405059814453125,14045
1.4623239040374756,14044
1.4851088523864746,14043
1.507145881652832,14042
1.5293819904327393,14041
1.5520529747009277,14040
1.574882984161377,14039
1.5978548526763916,14038
1.6199400424957275,14037
1.6422231197357178,14036
1.6641159057617188,14035
1.6864008903503418,14034
1.708103895187378,14033
1.7303590774536133,14032
1.7522659301757812,14031
1.7746858596801758,14030
1.7968602180480957,14029
1.8194921016693115,14028
1.8415260314941406,14027
1.8638241291046143,14026
1.8868589401245117,14025
1.908958911895752,14024
1.930974006652832,14023
1.9526638984680176,14022
1.9748499393463135,14021
1.9964931011199951,14020
2.01877498626709,14019
2.040740966796875,14018
2.063138008117676,14017
2.085536003112793,14016
2.112152099609375,14015
2.1368308067321777,14014
2.158953905105591,14013
2.1811881065368652,14012
2.2034549713134766,14011
2.2260987758636475,14010
2.2478578090667725,14009
2.2702269554138184,14008
2.292309045791626,14007
2.3145761489868164,14006
2.3363680839538574,14005
2.358513832092285,14004
2.3817059993743896,14003
2.4041378498077393,14002
2.4261128902435303,14001
2.44923996925354,14000
2.4721038341522217,13999
2.494081974029541,13998
2.5163729190826416,13997
2.538161039352417,13996
2.5606560707092285,13995
2.583430767059326,13994
2.6062369346618652,13993
2.651305913925171,13992
2.6732699871063232,13991
2.6955039501190186,13990
2.7175140380859375,13989
2.7394590377807617,13988
2.761445999145508,13987
2.7832958698272705,13986
2.8053719997406006,13985
2.827303886413574,13984
2.8496639728546143,13983
2.871476888656616,13982
2.894784927368164,13981
2.916753053665161,13980
2.9390408992767334,13979
2.96105694770813,13978
2.983250856399536,13977
3.027122974395752,13976
3.0491859912872314,13975
3.07138991355896,13974
3.0941829681396484,13973
3.1170809268951416,13972
3.139784812927246,13971
3.1615710258483887,13970
3.183889865875244,13969
3.2056939601898193,13968
3.228003978729248,13967
3.2496800422668457,13966
3.271929979324341,13965
3.2937939167022705,13964
3.3159568309783936,13963
3.3378400802612305,13962
3.359889030456543,13961
3.381765127182007,13960
3.4038379192352295,13959
3.425837993621826,13958
3.4478418827056885,13957
3.4699809551239014,13956
3.491908073425293,13955
3.5141758918762207,13954
3.5359859466552734,13953
3.5584020614624023,13952
3.581339120864868,13951
3.6048099994659424,13950
3.628035068511963,13949
3.650736093521118,13948
3.6730308532714844,13947
3.69995379447937,13946
3.722476005554199,13945
3.7524421215057373,13944
3.7746429443359375,13943
3.7965450286865234,13942
3.818737030029297,13941
3.8406779766082764,13940
3.8641130924224854,13939
3.8911869525909424,13938
3.912964105606079,13937
3.9352309703826904,13936
3.957030773162842,13935
3.979494094848633,13934
4.001247882843018,13933
4.023749113082886,13932
4.045500755310059,13931
4.0723350048065186,13930
4.094881057739258,13929
4.117646932601929,13928
4.141247034072876,13927
4.164271116256714,13926
4.187194108963013,13925
4.210038900375366,13924
4.236598968505859,13923
4.268634080886841,13922
4.290939092636108,13921
4.313305139541626,13920
4.335103988647461,13919
4.3601579666137695,13918
4.382203102111816,13917
4.404304027557373,13916
4.426378965377808,13915
4.456770896911621,13914
4.479042053222656,13913
4.500923156738281,13912
4.52317214012146,13911
4.544888019561768,13910
4.56711483001709,13909
4.589008092880249,13908
4.61109185218811,13907
4.649653911590576,13906
4.671836853027344,13905
4.694562911987305,13904
4.717463970184326,13903
4.7397990226745605,13902
4.769186973571777,13901
4.790849924087524,13900
4.813246965408325,13899
4.834889888763428,13898
4.857292890548706,13897
4.879209995269775,13896
4.901383876800537,13895
4.923407077789307,13894
4.94550895690918,13893
4.967441082000732,13892
4.989346981048584,13891
5.011685132980347,13890
5.033611059188843,13889
5.055858850479126,13888
5.080121994018555,13887
5.1038219928741455,13886
5.125659942626953,13885
5.156378984451294,13884
5.178886890411377,13883
5.201755046844482,13882
5.224832057952881,13881
5.247135877609253,13880
5.269478797912598,13879
5.291264057159424,13878
5.31359601020813,13877
5.335402965545654,13876
5.357568025588989,13875
5.379322052001953,13874
5.401445150375366,13873
5.42322301864624,13872
5.445234775543213,13871
5.467249870300293,13870
5.489307165145874,13869
5.511422872543335,13868
5.533521890640259,13867
5.5558319091796875,13866
5.577729940414429,13865
5.600075006484985,13864
5.6218931674957275,13863
5.644113063812256,13862
5.666130781173706,13861
5.688922166824341,13860
5.711786985397339,13859
5.734632968902588,13858
5.756512880325317,13857
5.778785943984985,13856
5.800802946090698,13855
5.8228490352630615,13854
5.844933986663818,13853
5.869963884353638,13852
5.8921849727630615,13851
5.91420578956604,13850
5.936751127243042,13849
5.958472967147827,13848
6.002671003341675,13847
6.024821043014526,13846
6.046952962875366,13845
6.069010972976685,13844
6.0911149978637695,13843
6.113353967666626,13842
6.1355860233306885,13841
6.157642841339111,13840
6.17997407913208,13839
6.202831983566284,13838
6.225778818130493,13837
6.2483229637146,13836
6.2708420753479,13835
6.293050050735474,13834
6.315615892410278,13833
6.338007926940918,13832
6.36053991317749,13831
6.382723093032837,13830
6.405130863189697,13829
6.437605142593384,13828
6.459475994110107,13827
6.481966972351074,13826
6.503961086273193,13825
6.526328086853027,13824
6.54849100112915,13823
6.570549964904785,13822
6.5926618576049805,13821
6.6145100593566895,13820
6.6583380699157715,13819
6.680605888366699,13818
6.726125001907349,13817
6.750619888305664,13816
6.774417161941528,13815
6.79646110534668,13814
6.818555116653442,13813
6.840579032897949,13812
6.862910985946655,13811
6.885129928588867,13810
6.914824962615967,13809
6.937105178833008,13808
6.958837985992432,13807
6.981180191040039,13806
7.002983808517456,13805
7.02535605430603,13804
7.069646120071411,13803
7.091779947280884,13802
7.113830804824829,13801
7.135816812515259,13800
7.157710075378418,13799
7.179836750030518,13798
7.20238995552063,13797
7.225343942642212,13796
7.248222827911377,13795
7.270810127258301,13794
7.292741060256958,13793
7.315004110336304,13792
7.33683705329895,13791
7.359025001525879,13790
7.380849838256836,13789
7.403043985366821,13788
7.425008058547974,13787
7.447114944458008,13786
7.469170808792114,13785
7.513372898101807,13784
7.535282850265503,13783
7.557638883590698,13782
7.5795440673828125,13781
7.601944923400879,13780
7.623849868774414,13779
7.646150827407837,13778
7.69021201133728,13777
7.712670803070068,13776
7.735565900802612,13775
7.759964942932129,13774
7.782559871673584,13773
7.805225849151611,13772
7.827148914337158,13771
7.849658966064453,13770
7.8714439868927,13769
7.898855924606323,13768
7.920851945877075,13767
7.943198919296265,13766
7.965177059173584,13765
7.9894959926605225,13764
8.01161003112793,13763
8.033761024475098,13762
8.056005001068115,13761
8.078083038330078,13760
8.100618839263916,13759
8.12239694595337,13758
8.166383028030396,13757
8.196710109710693,13756
8.218825817108154,13755
8.2411949634552,13754
8.264153003692627,13753
8.286902904510498,13752
8.3093900680542,13751
8.331208944320679,13750
8.353610038757324,13749
8.375540018081665,13748
8.397891998291016,13747
8.428173065185547,13746
8.472638845443726,13745
8.49448299407959,13744
8.516798973083496,13743
8.538534164428711,13742
8.560832977294922,13741
8.584033966064453,13740
8.606505870819092,13739
8.628407001495361,13738
8.650568962097168,13737
8.672368049621582,13736
8.694541931152344,13735
8.716349840164185,13734
8.73912501335144,13733
8.78500509262085,13732
8.807731866836548,13731
8.83741307258606,13730
8.859648942947388,13729
8.88179612159729,13728
8.905946969985962,13727
8.928051948547363,13726
8.950052976608276,13725
8.972523927688599,13724
8.994293928146362,13723
9.01655387878418,13722
9.038577795028687,13721
9.06102705001831,13720
9.086022138595581,13719
9.10820984840393,13718
9.130197048187256,13717
9.152375936508179,13716
9.174304962158203,13715
9.196324110031128,13714
9.21849012374878,13713
9.240872859954834,13712
9.26369595527649,13711
9.286624908447266,13710
9.309074878692627,13709
9.331019878387451,13708
9.359889030456543,13707
9.381717920303345,13706
9.403785943984985,13705
9.425703763961792,13704
9.4479238986969,13703
9.470057964324951,13702
9.492079019546509,13701
9.514339923858643,13700
9.536510944366455,13699
9.558937072753906,13698
9.580960035324097,13697
9.603229999542236,13696
9.625067949295044,13695
9.647385120391846,13694
9.669486045837402,13693
9.69175910949707,13692
9.71382999420166,13691
9.736139059066772,13690
9.75878095626831,13689
9.78737497329712,13688
9.816402912139893,13687
9.838561058044434,13686
9.860769987106323,13685
9.882815837860107,13684
9.90505599975586,13683
9.927089929580688,13682
9.953862190246582,13681
9.976011991500854,13680
9.997723817825317,13679
10.020122051239014,13678
